{"numFailedTestSuites":8,"numFailedTests":72,"numPassedTestSuites":9,"numPassedTests":194,"numPendingTestSuites":0,"numPendingTests":0,"numRuntimeErrorTestSuites":1,"numTodoTests":0,"numTotalTestSuites":17,"numTotalTests":266,"openHandles":[],"snapshot":{"added":0,"didUpdate":false,"failure":false,"filesAdded":0,"filesRemoved":0,"filesRemovedList":[],"filesUnmatched":0,"filesUpdated":0,"matched":0,"total":0,"unchecked":0,"uncheckedKeysByFile":[],"unmatched":0,"updated":0},"startTime":1761387158512,"success":false,"testResults":[{"assertionResults":[{"ancestorTitles":["Simulation Engine","simulateStrategy"],"duration":6,"failing":false,"failureDetails":[],"failureMessages":[],"fullName":"Simulation Engine simulateStrategy should execute a basic simulation with profit targets","invocations":1,"location":null,"numPassingAsserts":5,"retryReasons":[],"startAt":1761387164610,"status":"passed","title":"should execute a basic simulation with profit targets"},{"ancestorTitles":["Simulation Engine","simulateStrategy"],"duration":2,"failing":false,"failureDetails":[],"failureMessages":[],"fullName":"Simulation Engine simulateStrategy should handle stop loss triggers","invocations":1,"location":null,"numPassingAsserts":2,"retryReasons":[],"startAt":1761387164617,"status":"passed","title":"should handle stop loss triggers"},{"ancestorTitles":["Simulation Engine","simulateStrategy"],"duration":1,"failing":false,"failureDetails":[],"failureMessages":[],"fullName":"Simulation Engine simulateStrategy should handle trailing stop loss","invocations":1,"location":null,"numPassingAsserts":2,"retryReasons":[],"startAt":1761387164619,"status":"passed","title":"should handle trailing stop loss"},{"ancestorTitles":["Simulation Engine","simulateStrategy"],"duration":0,"failing":false,"failureDetails":[],"failureMessages":[],"fullName":"Simulation Engine simulateStrategy should handle entry optimization","invocations":1,"location":null,"numPassingAsserts":3,"retryReasons":[],"startAt":1761387164621,"status":"passed","title":"should handle entry optimization"},{"ancestorTitles":["Simulation Engine","simulateStrategy"],"duration":4,"failing":false,"failureDetails":[],"failureMessages":[],"fullName":"Simulation Engine simulateStrategy should handle empty candle array","invocations":1,"location":null,"numPassingAsserts":4,"retryReasons":[],"startAt":1761387164621,"status":"passed","title":"should handle empty candle array"},{"ancestorTitles":["Simulation Engine","simulateStrategy"],"duration":1,"failing":false,"failureDetails":[],"failureMessages":[],"fullName":"Simulation Engine simulateStrategy should handle single candle","invocations":1,"location":null,"numPassingAsserts":2,"retryReasons":[],"startAt":1761387164626,"status":"passed","title":"should handle single candle"},{"ancestorTitles":["Simulation Engine","simulateStrategy"],"duration":0,"failing":false,"failureDetails":[],"failureMessages":[],"fullName":"Simulation Engine simulateStrategy should handle strategy with percentages not summing to 1","invocations":1,"location":null,"numPassingAsserts":2,"retryReasons":[],"startAt":1761387164627,"status":"passed","title":"should handle strategy with percentages not summing to 1"},{"ancestorTitles":["Simulation Engine","simulateStrategy"],"duration":1,"failing":false,"failureDetails":[],"failureMessages":[],"fullName":"Simulation Engine simulateStrategy should handle re-entry configuration","invocations":1,"location":null,"numPassingAsserts":2,"retryReasons":[],"startAt":1761387164627,"status":"passed","title":"should handle re-entry configuration"},{"ancestorTitles":["Simulation Engine","Additional simulation scenarios"],"duration":1,"failing":false,"failureDetails":[],"failureMessages":[],"fullName":"Simulation Engine Additional simulation scenarios should handle single target strategy","invocations":1,"location":null,"numPassingAsserts":2,"retryReasons":[],"startAt":1761387164628,"status":"passed","title":"should handle single target strategy"},{"ancestorTitles":["Simulation Engine","Additional simulation scenarios"],"duration":0,"failing":false,"failureDetails":[],"failureMessages":[],"fullName":"Simulation Engine Additional simulation scenarios should handle no stop loss configuration","invocations":1,"location":null,"numPassingAsserts":2,"retryReasons":[],"startAt":1761387164630,"status":"passed","title":"should handle no stop loss configuration"}],"endTime":1761387164631,"message":"","name":"/home/memez/quantBot/tests/unit/simulate.test.ts","startTime":1761387159005,"status":"passed","summary":""},{"assertionResults":[{"ancestorTitles":["Ichimoku Calculations","calculateIchimoku"],"duration":6,"failing":false,"failureDetails":[],"failureMessages":[],"fullName":"Ichimoku Calculations calculateIchimoku should calculate Ichimoku components for valid candles","invocations":1,"location":null,"numPassingAsserts":6,"retryReasons":[],"startAt":1761387164655,"status":"passed","title":"should calculate Ichimoku components for valid candles"},{"ancestorTitles":["Ichimoku Calculations","calculateIchimoku"],"duration":1,"failing":false,"failureDetails":[],"failureMessages":[],"fullName":"Ichimoku Calculations calculateIchimoku should return null for insufficient candles","invocations":1,"location":null,"numPassingAsserts":1,"retryReasons":[],"startAt":1761387164661,"status":"passed","title":"should return null for insufficient candles"},{"ancestorTitles":["Ichimoku Calculations","calculateIchimoku"],"duration":2,"failing":false,"failureDetails":[],"failureMessages":[],"fullName":"Ichimoku Calculations calculateIchimoku should handle edge case with exactly 52 candles","invocations":1,"location":null,"numPassingAsserts":7,"retryReasons":[],"startAt":1761387164662,"status":"passed","title":"should handle edge case with exactly 52 candles"},{"ancestorTitles":["Ichimoku Calculations","calculateIchimoku"],"duration":1,"failing":false,"failureDetails":[],"failureMessages":[],"fullName":"Ichimoku Calculations calculateIchimoku should calculate correct Kijun-sen (26-period)","invocations":1,"location":null,"numPassingAsserts":3,"retryReasons":[],"startAt":1761387164664,"status":"passed","title":"should calculate correct Kijun-sen (26-period)"},{"ancestorTitles":["Ichimoku Calculations","calculateIchimoku"],"duration":1,"failing":false,"failureDetails":[],"failureMessages":[],"fullName":"Ichimoku Calculations calculateIchimoku should calculate correct Senkou Span A","invocations":1,"location":null,"numPassingAsserts":2,"retryReasons":[],"startAt":1761387164665,"status":"passed","title":"should calculate correct Senkou Span A"},{"ancestorTitles":["Ichimoku Calculations","calculateIchimoku"],"duration":0,"failing":false,"failureDetails":[],"failureMessages":[],"fullName":"Ichimoku Calculations calculateIchimoku should calculate correct Senkou Span B (52-period)","invocations":1,"location":null,"numPassingAsserts":2,"retryReasons":[],"startAt":1761387164666,"status":"passed","title":"should calculate correct Senkou Span B (52-period)"},{"ancestorTitles":["Ichimoku Calculations","calculateIchimoku"],"duration":1,"failing":false,"failureDetails":[],"failureMessages":[],"fullName":"Ichimoku Calculations calculateIchimoku should calculate correct Chikou Span","invocations":1,"location":null,"numPassingAsserts":2,"retryReasons":[],"startAt":1761387164666,"status":"passed","title":"should calculate correct Chikou Span"},{"ancestorTitles":["Ichimoku Calculations","formatIchimokuData"],"duration":1,"failing":false,"failureDetails":[],"failureMessages":[],"fullName":"Ichimoku Calculations formatIchimokuData should format Ichimoku data correctly","invocations":1,"location":null,"numPassingAsserts":5,"retryReasons":[],"startAt":1761387164667,"status":"passed","title":"should format Ichimoku data correctly"},{"ancestorTitles":["Ichimoku Calculations","formatIchimokuData"],"duration":1,"failing":false,"failureDetails":[],"failureMessages":[],"fullName":"Ichimoku Calculations formatIchimokuData should include price position analysis","invocations":1,"location":null,"numPassingAsserts":1,"retryReasons":[],"startAt":1761387164668,"status":"passed","title":"should include price position analysis"},{"ancestorTitles":["Ichimoku Calculations","formatIchimokuData"],"duration":0,"failing":false,"failureDetails":[],"failureMessages":[],"fullName":"Ichimoku Calculations formatIchimokuData should handle price below cloud","invocations":1,"location":null,"numPassingAsserts":1,"retryReasons":[],"startAt":1761387164669,"status":"passed","title":"should handle price below cloud"},{"ancestorTitles":["Ichimoku Calculations","formatIchimokuData"],"duration":1,"failing":false,"failureDetails":[],"failureMessages":[],"fullName":"Ichimoku Calculations formatIchimokuData should handle price inside cloud","invocations":1,"location":null,"numPassingAsserts":1,"retryReasons":[],"startAt":1761387164669,"status":"passed","title":"should handle price inside cloud"},{"ancestorTitles":["Ichimoku Calculations","Ichimoku signal detection"],"duration":0,"failing":false,"failureDetails":[],"failureMessages":[],"fullName":"Ichimoku Calculations Ichimoku signal detection should detect bullish Tenkan-sen/Kijun-sen crossover","invocations":1,"location":null,"numPassingAsserts":2,"retryReasons":[],"startAt":1761387164670,"status":"passed","title":"should detect bullish Tenkan-sen/Kijun-sen crossover"},{"ancestorTitles":["Ichimoku Calculations","Ichimoku signal detection"],"duration":1,"failing":false,"failureDetails":[],"failureMessages":[],"fullName":"Ichimoku Calculations Ichimoku signal detection should detect bearish Tenkan-sen/Kijun-sen crossover","invocations":1,"location":null,"numPassingAsserts":2,"retryReasons":[],"startAt":1761387164670,"status":"passed","title":"should detect bearish Tenkan-sen/Kijun-sen crossover"}],"endTime":1761387164672,"message":"","name":"/home/memez/quantBot/tests/unit/ichimoku.test.ts","startTime":1761387159042,"status":"passed","summary":""},{"assertionResults":[{"ancestorTitles":["Simulation Engine","Basic Strategy Execution"],"duration":6,"failing":false,"failureDetails":[],"failureMessages":[],"fullName":"Simulation Engine Basic Strategy Execution should execute basic strategy with profitable outcome","invocations":1,"location":null,"numPassingAsserts":5,"retryReasons":[],"startAt":1761387164629,"status":"passed","title":"should execute basic strategy with profitable outcome"},{"ancestorTitles":["Simulation Engine","Basic Strategy Execution"],"duration":2,"failing":false,"failureDetails":[],"failureMessages":[],"fullName":"Simulation Engine Basic Strategy Execution should handle single candle data","invocations":1,"location":null,"numPassingAsserts":2,"retryReasons":[],"startAt":1761387164636,"status":"passed","title":"should handle single candle data"},{"ancestorTitles":["Simulation Engine","Basic Strategy Execution"],"duration":2,"failing":false,"failureDetails":[],"failureMessages":[],"fullName":"Simulation Engine Basic Strategy Execution should handle empty candle array","invocations":1,"location":null,"numPassingAsserts":4,"retryReasons":[],"startAt":1761387164638,"status":"passed","title":"should handle empty candle array"},{"ancestorTitles":["Simulation Engine","Result Structure Validation"],"duration":8,"failing":false,"failureDetails":[],"failureMessages":[],"fullName":"Simulation Engine Result Structure Validation should return complete simulation result","invocations":1,"location":null,"numPassingAsserts":18,"retryReasons":[],"startAt":1761387164640,"status":"passed","title":"should return complete simulation result"},{"ancestorTitles":["Simulation Engine","Result Structure Validation"],"duration":13,"failing":false,"failureDetails":[],"failureMessages":[],"fullName":"Simulation Engine Result Structure Validation should have valid event structure","invocations":1,"location":null,"numPassingAsserts":52,"retryReasons":[],"startAt":1761387164648,"status":"passed","title":"should have valid event structure"},{"ancestorTitles":["Simulation Engine","Strategy Variations"],"duration":1,"failing":false,"failureDetails":[],"failureMessages":[],"fullName":"Simulation Engine Strategy Variations should handle strategy with zero percent","invocations":1,"location":null,"numPassingAsserts":2,"retryReasons":[],"startAt":1761387164661,"status":"passed","title":"should handle strategy with zero percent"},{"ancestorTitles":["Simulation Engine","Strategy Variations"],"duration":1,"failing":false,"failureDetails":[],"failureMessages":[],"fullName":"Simulation Engine Strategy Variations should handle strategy with high targets","invocations":1,"location":null,"numPassingAsserts":2,"retryReasons":[],"startAt":1761387164662,"status":"passed","title":"should handle strategy with high targets"},{"ancestorTitles":["Simulation Engine","Stop Loss Configurations"],"duration":0,"failing":false,"failureDetails":[],"failureMessages":[],"fullName":"Simulation Engine Stop Loss Configurations should handle no trailing stop","invocations":1,"location":null,"numPassingAsserts":2,"retryReasons":[],"startAt":1761387164663,"status":"passed","title":"should handle no trailing stop"},{"ancestorTitles":["Simulation Engine","Stop Loss Configurations"],"duration":1,"failing":false,"failureDetails":[],"failureMessages":[],"fullName":"Simulation Engine Stop Loss Configurations should handle negative stop loss values","invocations":1,"location":null,"numPassingAsserts":2,"retryReasons":[],"startAt":1761387164663,"status":"passed","title":"should handle negative stop loss values"},{"ancestorTitles":["Simulation Engine","Entry Configurations"],"duration":0,"failing":false,"failureDetails":[],"failureMessages":[],"fullName":"Simulation Engine Entry Configurations should handle trailing entry when configured","invocations":1,"location":null,"numPassingAsserts":2,"retryReasons":[],"startAt":1761387164664,"status":"passed","title":"should handle trailing entry when configured"},{"ancestorTitles":["Simulation Engine","Entry Configurations"],"duration":0,"failing":false,"failureDetails":[],"failureMessages":[],"fullName":"Simulation Engine Entry Configurations should handle no trailing entry","invocations":1,"location":null,"numPassingAsserts":2,"retryReasons":[],"startAt":1761387164665,"status":"passed","title":"should handle no trailing entry"},{"ancestorTitles":["Simulation Engine","Re-entry Configurations"],"duration":0,"failing":false,"failureDetails":[],"failureMessages":[],"fullName":"Simulation Engine Re-entry Configurations should handle re-entry when configured","invocations":1,"location":null,"numPassingAsserts":2,"retryReasons":[],"startAt":1761387164665,"status":"passed","title":"should handle re-entry when configured"},{"ancestorTitles":["Simulation Engine","Re-entry Configurations"],"duration":1,"failing":false,"failureDetails":[],"failureMessages":[],"fullName":"Simulation Engine Re-entry Configurations should handle no re-entry","invocations":1,"location":null,"numPassingAsserts":2,"retryReasons":[],"startAt":1761387164665,"status":"passed","title":"should handle no re-entry"},{"ancestorTitles":["Simulation Engine","Edge Cases"],"duration":0,"failing":false,"failureDetails":[],"failureMessages":[],"fullName":"Simulation Engine Edge Cases should handle candles with zero volume","invocations":1,"location":null,"numPassingAsserts":2,"retryReasons":[],"startAt":1761387164666,"status":"passed","title":"should handle candles with zero volume"},{"ancestorTitles":["Simulation Engine","Edge Cases"],"duration":0,"failing":false,"failureDetails":[],"failureMessages":[],"fullName":"Simulation Engine Edge Cases should handle candles with extreme price movements","invocations":1,"location":null,"numPassingAsserts":2,"retryReasons":[],"startAt":1761387164666,"status":"passed","title":"should handle candles with extreme price movements"}],"endTime":1761387164668,"message":"","name":"/home/memez/quantBot/tests/unit/engine.test.ts","startTime":1761387159050,"status":"passed","summary":""},{"assertionResults":[],"coverage":{},"endTime":1761387328093,"message":"  ● Test suite failed to run\n\n    \u001b[96mtests/unit/candles_comprehensive.test.ts\u001b[0m:\u001b[93m257\u001b[0m:\u001b[93m9\u001b[0m - \u001b[91merror\u001b[0m\u001b[90m TS2322: \u001b[0mType 'Dirent<Buffer<ArrayBufferLike>>' is not assignable to type 'Dirent<NonSharedBuffer>'.\n      Type 'Buffer<ArrayBufferLike>' is not assignable to type 'NonSharedBuffer'.\n        Type 'ArrayBufferLike' is not assignable to type 'ArrayBuffer'.\n          Type 'SharedArrayBuffer' is not assignable to type 'ArrayBuffer'.\n            Types of property '[Symbol.toStringTag]' are incompatible.\n              Type '\"SharedArrayBuffer\"' is not assignable to type '\"ArrayBuffer\"'.\n\n    \u001b[7m257\u001b[0m         {\n    \u001b[7m   \u001b[0m \u001b[91m        ~\u001b[0m\n    \u001b[7m258\u001b[0m           name: cacheFilename,\n    \u001b[7m   \u001b[0m \u001b[91m~~~~~~~~~~~~~~~~~~~~~~~~~~~~~~\u001b[0m\n    \u001b[7m...\u001b[0m \n    \u001b[7m260\u001b[0m           isDirectory: () => false\n    \u001b[7m   \u001b[0m \u001b[91m~~~~~~~~~~~~~~~~~~~~~~~~~~~~~~~~~~\u001b[0m\n    \u001b[7m261\u001b[0m         } as unknown as import('fs').Dirent<Buffer>\n    \u001b[7m   \u001b[0m \u001b[91m~~~~~~~~~~~~~~~~~~~~~~~~~~~~~~~~~~~~~~~~~~~~~~~~~~~\u001b[0m\n","name":"/home/memez/quantBot/tests/unit/candles_comprehensive.test.ts","startTime":1761387328093,"status":"failed","summary":""},{"assertionResults":[{"ancestorTitles":["Bot Integration Tests","Bot Command Handlers"],"duration":7,"failing":false,"failureDetails":[],"failureMessages":[],"fullName":"Bot Integration Tests Bot Command Handlers should handle /backtest command","invocations":1,"location":null,"numPassingAsserts":1,"retryReasons":[],"startAt":1761387164622,"status":"passed","title":"should handle /backtest command"},{"ancestorTitles":["Bot Integration Tests","Bot Command Handlers"],"duration":2,"failing":false,"failureDetails":[],"failureMessages":[],"fullName":"Bot Integration Tests Bot Command Handlers should handle /repeat command with no previous runs","invocations":1,"location":null,"numPassingAsserts":1,"retryReasons":[],"startAt":1761387164630,"status":"passed","title":"should handle /repeat command with no previous runs"},{"ancestorTitles":["Bot Integration Tests","Bot Command Handlers"],"duration":1,"failing":false,"failureDetails":[],"failureMessages":[],"fullName":"Bot Integration Tests Bot Command Handlers should handle /repeat command with previous runs","invocations":1,"location":null,"numPassingAsserts":2,"retryReasons":[],"startAt":1761387164632,"status":"passed","title":"should handle /repeat command with previous runs"},{"ancestorTitles":["Bot Integration Tests","Bot Command Handlers"],"duration":1,"failing":false,"failureDetails":[],"failureMessages":[],"fullName":"Bot Integration Tests Bot Command Handlers should handle /strategy command - list strategies","invocations":1,"location":null,"numPassingAsserts":2,"retryReasons":[],"startAt":1761387164633,"status":"passed","title":"should handle /strategy command - list strategies"},{"ancestorTitles":["Bot Integration Tests","Bot Command Handlers"],"duration":3,"failing":false,"failureDetails":[],"failureMessages":[],"fullName":"Bot Integration Tests Bot Command Handlers should handle /strategy save command","invocations":1,"location":null,"numPassingAsserts":2,"retryReasons":[],"startAt":1761387164634,"status":"passed","title":"should handle /strategy save command"},{"ancestorTitles":["Bot Integration Tests","Bot Command Handlers"],"duration":1,"failing":false,"failureDetails":[],"failureMessages":[],"fullName":"Bot Integration Tests Bot Command Handlers should handle /strategy use command","invocations":1,"location":null,"numPassingAsserts":1,"retryReasons":[],"startAt":1761387164637,"status":"passed","title":"should handle /strategy use command"},{"ancestorTitles":["Bot Integration Tests","Bot Command Handlers"],"duration":1,"failing":false,"failureDetails":[],"failureMessages":[],"fullName":"Bot Integration Tests Bot Command Handlers should handle /strategy delete command","invocations":1,"location":null,"numPassingAsserts":2,"retryReasons":[],"startAt":1761387164638,"status":"passed","title":"should handle /strategy delete command"},{"ancestorTitles":["Bot Integration Tests","Bot Command Handlers"],"duration":1,"failing":false,"failureDetails":[],"failureMessages":[],"fullName":"Bot Integration Tests Bot Command Handlers should handle /cancel command","invocations":1,"location":null,"numPassingAsserts":1,"retryReasons":[],"startAt":1761387164639,"status":"passed","title":"should handle /cancel command"},{"ancestorTitles":["Bot Integration Tests","CA Drop Detection"],"duration":2,"failing":false,"failureDetails":[],"failureMessages":[],"fullName":"Bot Integration Tests CA Drop Detection should detect Solana addresses","invocations":1,"location":null,"numPassingAsserts":2,"retryReasons":[],"startAt":1761387164640,"status":"passed","title":"should detect Solana addresses"},{"ancestorTitles":["Bot Integration Tests","CA Drop Detection"],"duration":1,"failing":false,"failureDetails":[],"failureMessages":[],"fullName":"Bot Integration Tests CA Drop Detection should detect EVM addresses","invocations":1,"location":null,"numPassingAsserts":2,"retryReasons":[],"startAt":1761387164642,"status":"passed","title":"should detect EVM addresses"},{"ancestorTitles":["Bot Integration Tests","CA Drop Detection"],"duration":1,"failing":false,"failureDetails":[],"failureMessages":[],"fullName":"Bot Integration Tests CA Drop Detection should identify CA drop context","invocations":1,"location":null,"numPassingAsserts":1,"retryReasons":[],"startAt":1761387164643,"status":"passed","title":"should identify CA drop context"},{"ancestorTitles":["Bot Integration Tests","CA Drop Detection"],"duration":0,"failing":false,"failureDetails":[],"failureMessages":[],"fullName":"Bot Integration Tests CA Drop Detection should save CA drop to database","invocations":1,"location":null,"numPassingAsserts":2,"retryReasons":[],"startAt":1761387164644,"status":"passed","title":"should save CA drop to database"},{"ancestorTitles":["Bot Integration Tests","Session Management"],"duration":0,"failing":false,"failureDetails":[],"failureMessages":[],"fullName":"Bot Integration Tests Session Management should create new session for user","invocations":1,"location":null,"numPassingAsserts":2,"retryReasons":[],"startAt":1761387164645,"status":"passed","title":"should create new session for user"},{"ancestorTitles":["Bot Integration Tests","Session Management"],"duration":0,"failing":false,"failureDetails":[],"failureMessages":[],"fullName":"Bot Integration Tests Session Management should clear session on cancel","invocations":1,"location":null,"numPassingAsserts":1,"retryReasons":[],"startAt":1761387164645,"status":"passed","title":"should clear session on cancel"},{"ancestorTitles":["Bot Integration Tests","Session Management"],"duration":2,"failing":false,"failureDetails":[],"failureMessages":[],"fullName":"Bot Integration Tests Session Management should handle multiple user sessions","invocations":1,"location":null,"numPassingAsserts":2,"retryReasons":[],"startAt":1761387164645,"status":"passed","title":"should handle multiple user sessions"},{"ancestorTitles":["Bot Integration Tests","Error Handling"],"duration":20,"failing":false,"failureDetails":[],"failureMessages":[],"fullName":"Bot Integration Tests Error Handling should handle database connection errors","invocations":1,"location":null,"numPassingAsserts":1,"retryReasons":[],"startAt":1761387164647,"status":"passed","title":"should handle database connection errors"},{"ancestorTitles":["Bot Integration Tests","Error Handling"],"duration":3,"failing":false,"failureDetails":[],"failureMessages":[],"fullName":"Bot Integration Tests Error Handling should handle API errors gracefully","invocations":1,"location":null,"numPassingAsserts":1,"retryReasons":[],"startAt":1761387164668,"status":"passed","title":"should handle API errors gracefully"},{"ancestorTitles":["Bot Integration Tests","Error Handling"],"duration":0,"failing":false,"failureDetails":[],"failureMessages":[],"fullName":"Bot Integration Tests Error Handling should handle invalid user input","invocations":1,"location":null,"numPassingAsserts":1,"retryReasons":[],"startAt":1761387164671,"status":"passed","title":"should handle invalid user input"}],"endTime":1761387164673,"message":"","name":"/home/memez/quantBot/tests/integration/bot.test.ts","startTime":1761387159006,"status":"passed","summary":""},{"assertionResults":[{"ancestorTitles":["WebSocketConnectionManager","Connection Management"],"duration":28,"failing":false,"failureDetails":[],"failureMessages":[],"fullName":"WebSocketConnectionManager Connection Management should connect to WebSocket","invocations":1,"location":null,"numPassingAsserts":1,"retryReasons":[],"startAt":1761387164561,"status":"passed","title":"should connect to WebSocket"},{"ancestorTitles":["WebSocketConnectionManager","Connection Management"],"duration":22,"failing":false,"failureDetails":[],"failureMessages":[],"fullName":"WebSocketConnectionManager Connection Management should disconnect from WebSocket","invocations":1,"location":null,"numPassingAsserts":1,"retryReasons":[],"startAt":1761387164590,"status":"passed","title":"should disconnect from WebSocket"},{"ancestorTitles":["WebSocketConnectionManager","Connection Management"],"duration":23,"failing":false,"failureDetails":[],"failureMessages":[],"fullName":"WebSocketConnectionManager Connection Management should emit connected event","invocations":1,"location":null,"numPassingAsserts":1,"retryReasons":[],"startAt":1761387164613,"status":"passed","title":"should emit connected event"},{"ancestorTitles":["WebSocketConnectionManager","Message Handling"],"duration":23,"failing":false,"failureDetails":[],"failureMessages":[],"fullName":"WebSocketConnectionManager Message Handling should send messages","invocations":1,"location":null,"numPassingAsserts":1,"retryReasons":[],"startAt":1761387164636,"status":"passed","title":"should send messages"},{"ancestorTitles":["WebSocketConnectionManager","Message Handling"],"duration":23,"failing":false,"failureDetails":[],"failureMessages":[],"fullName":"WebSocketConnectionManager Message Handling should subscribe to events","invocations":1,"location":null,"numPassingAsserts":1,"retryReasons":[],"startAt":1761387164659,"status":"passed","title":"should subscribe to events"},{"ancestorTitles":["WebSocketConnectionManager","Message Handling"],"duration":25,"failing":false,"failureDetails":[],"failureMessages":[],"fullName":"WebSocketConnectionManager Message Handling should unsubscribe from events","invocations":1,"location":null,"numPassingAsserts":1,"retryReasons":[],"startAt":1761387164682,"status":"passed","title":"should unsubscribe from events"},{"ancestorTitles":["WebSocketConnectionManager","Status and Health"],"duration":1,"failing":false,"failureDetails":[],"failureMessages":[],"fullName":"WebSocketConnectionManager Status and Health should return connection status","invocations":1,"location":null,"numPassingAsserts":5,"retryReasons":[],"startAt":1761387164707,"status":"passed","title":"should return connection status"},{"ancestorTitles":["WebSocketConnectionManager","Status and Health"],"duration":21,"failing":false,"failureDetails":[],"failureMessages":[],"fullName":"WebSocketConnectionManager Status and Health should check if connected","invocations":1,"location":null,"numPassingAsserts":2,"retryReasons":[],"startAt":1761387164709,"status":"passed","title":"should check if connected"},{"ancestorTitles":["WebSocketConnectionManager","Error Handling"],"duration":1,"failing":false,"failureDetails":[],"failureMessages":[],"fullName":"WebSocketConnectionManager Error Handling should handle connection errors","invocations":1,"location":null,"numPassingAsserts":1,"retryReasons":[],"startAt":1761387164731,"status":"passed","title":"should handle connection errors"}],"endTime":1761387164734,"message":"","name":"/home/memez/quantBot/tests/unit/websocket.test.ts","startTime":1761387159045,"status":"passed","summary":""},{"assertionResults":[{"ancestorTitles":["Candle Data Handling","fetchHybridCandles"],"duration":8,"failing":false,"failureDetails":[{}],"failureMessages":["TypeError: Cannot read properties of undefined (reading 'data')\n    at data (/home/memez/quantBot/src/simulation/candles.ts:232:33)\n    at processTicksAndRejections (node:internal/process/task_queues:105:5)\n    at fetchFreshCandles (/home/memez/quantBot/src/simulation/candles.ts:181:28)\n    at fetchHybridCandles (/home/memez/quantBot/src/simulation/candles.ts:317:25)\n    at Object.<anonymous> (/home/memez/quantBot/tests/unit/candles.test.ts:96:22)"],"fullName":"Candle Data Handling fetchHybridCandles should fetch candles successfully for Solana","invocations":1,"location":null,"numPassingAsserts":0,"retryReasons":[],"startAt":1761387164820,"status":"failed","title":"should fetch candles successfully for Solana"},{"ancestorTitles":["Candle Data Handling","fetchHybridCandles"],"duration":2,"failing":false,"failureDetails":[{}],"failureMessages":["TypeError: Cannot read properties of undefined (reading 'data')\n    at data (/home/memez/quantBot/src/simulation/candles.ts:232:33)\n    at processTicksAndRejections (node:internal/process/task_queues:105:5)\n    at fetchFreshCandles (/home/memez/quantBot/src/simulation/candles.ts:181:28)\n    at fetchHybridCandles (/home/memez/quantBot/src/simulation/candles.ts:317:25)\n    at Object.<anonymous> (/home/memez/quantBot/tests/unit/candles.test.ts:134:22)"],"fullName":"Candle Data Handling fetchHybridCandles should fetch candles successfully for Ethereum","invocations":1,"location":null,"numPassingAsserts":0,"retryReasons":[],"startAt":1761387164851,"status":"failed","title":"should fetch candles successfully for Ethereum"},{"ancestorTitles":["Candle Data Handling","fetchHybridCandles"],"duration":3,"failing":false,"failureDetails":[],"failureMessages":[],"fullName":"Candle Data Handling fetchHybridCandles should handle API errors gracefully","invocations":1,"location":null,"numPassingAsserts":1,"retryReasons":[],"startAt":1761387164854,"status":"passed","title":"should handle API errors gracefully"},{"ancestorTitles":["Candle Data Handling","fetchHybridCandles"],"duration":2,"failing":false,"failureDetails":[{}],"failureMessages":["TypeError: Cannot read properties of undefined (reading 'data')\n    at data (/home/memez/quantBot/src/simulation/candles.ts:232:33)\n    at processTicksAndRejections (node:internal/process/task_queues:105:5)\n    at fetchFreshCandles (/home/memez/quantBot/src/simulation/candles.ts:181:28)\n    at fetchHybridCandles (/home/memez/quantBot/src/simulation/candles.ts:317:25)\n    at Object.<anonymous> (/home/memez/quantBot/tests/unit/candles.test.ts:174:22)"],"fullName":"Candle Data Handling fetchHybridCandles should handle empty response data","invocations":1,"location":null,"numPassingAsserts":0,"retryReasons":[],"startAt":1761387164857,"status":"failed","title":"should handle empty response data"},{"ancestorTitles":["Candle Data Handling","fetchHybridCandles"],"duration":1,"failing":false,"failureDetails":[{}],"failureMessages":["TypeError: Cannot read properties of undefined (reading 'data')\n    at data (/home/memez/quantBot/src/simulation/candles.ts:232:33)\n    at processTicksAndRejections (node:internal/process/task_queues:105:5)\n    at fetchFreshCandles (/home/memez/quantBot/src/simulation/candles.ts:181:28)\n    at fetchHybridCandles (/home/memez/quantBot/src/simulation/candles.ts:317:25)\n    at Object.<anonymous> (/home/memez/quantBot/tests/unit/candles.test.ts:193:22)"],"fullName":"Candle Data Handling fetchHybridCandles should handle unsuccessful API response","invocations":1,"location":null,"numPassingAsserts":0,"retryReasons":[],"startAt":1761387164860,"status":"failed","title":"should handle unsuccessful API response"},{"ancestorTitles":["Candle Data Handling","fetchHybridCandles"],"duration":2,"failing":false,"failureDetails":[{}],"failureMessages":["TypeError: Cannot read properties of undefined (reading 'data')\n    at data (/home/memez/quantBot/src/simulation/candles.ts:232:33)\n    at processTicksAndRejections (node:internal/process/task_queues:105:5)\n    at fetchFreshCandles (/home/memez/quantBot/src/simulation/candles.ts:181:28)\n    at fetchHybridCandles (/home/memez/quantBot/src/simulation/candles.ts:317:25)\n    at Object.<anonymous> (/home/memez/quantBot/tests/unit/candles.test.ts:215:9)"],"fullName":"Candle Data Handling fetchHybridCandles should handle different chain types","invocations":1,"location":null,"numPassingAsserts":0,"retryReasons":[],"startAt":1761387164861,"status":"failed","title":"should handle different chain types"},{"ancestorTitles":["Candle Data Handling","fetchHybridCandles"],"duration":2,"failing":false,"failureDetails":[{}],"failureMessages":["TypeError: Cannot read properties of undefined (reading 'data')\n    at data (/home/memez/quantBot/src/simulation/candles.ts:232:33)\n    at processTicksAndRejections (node:internal/process/task_queues:105:5)\n    at fetchFreshCandles (/home/memez/quantBot/src/simulation/candles.ts:181:28)\n    at fetchHybridCandles (/home/memez/quantBot/src/simulation/candles.ts:317:25)\n    at Object.<anonymous> (/home/memez/quantBot/tests/unit/candles.test.ts:253:22)"],"fullName":"Candle Data Handling fetchHybridCandles should handle malformed candle data","invocations":1,"location":null,"numPassingAsserts":0,"retryReasons":[],"startAt":1761387164863,"status":"failed","title":"should handle malformed candle data"},{"ancestorTitles":["Candle Data Handling","fetchHybridCandles"],"duration":1,"failing":false,"failureDetails":[{}],"failureMessages":["TypeError: Cannot read properties of undefined (reading 'data')\n    at data (/home/memez/quantBot/src/simulation/candles.ts:232:33)\n    at processTicksAndRejections (node:internal/process/task_queues:105:5)\n    at fetchFreshCandles (/home/memez/quantBot/src/simulation/candles.ts:181:28)\n    at fetchHybridCandles (/home/memez/quantBot/src/simulation/candles.ts:317:25)\n    at Object.<anonymous> (/home/memez/quantBot/tests/unit/candles.test.ts:282:22)"],"fullName":"Candle Data Handling fetchHybridCandles should handle missing candle properties","invocations":1,"location":null,"numPassingAsserts":0,"retryReasons":[],"startAt":1761387164865,"status":"failed","title":"should handle missing candle properties"},{"ancestorTitles":["Candle Data Handling","Candle data validation"],"duration":1,"failing":false,"failureDetails":[],"failureMessages":[],"fullName":"Candle Data Handling Candle data validation should validate candle timestamp","invocations":1,"location":null,"numPassingAsserts":2,"retryReasons":[],"startAt":1761387164867,"status":"passed","title":"should validate candle timestamp"},{"ancestorTitles":["Candle Data Handling","Candle data validation"],"duration":1,"failing":false,"failureDetails":[],"failureMessages":[],"fullName":"Candle Data Handling Candle data validation should validate candle price data","invocations":1,"location":null,"numPassingAsserts":6,"retryReasons":[],"startAt":1761387164868,"status":"passed","title":"should validate candle price data"},{"ancestorTitles":["Candle Data Handling","Candle data validation"],"duration":0,"failing":false,"failureDetails":[],"failureMessages":[],"fullName":"Candle Data Handling Candle data validation should validate candle volume","invocations":1,"location":null,"numPassingAsserts":2,"retryReasons":[],"startAt":1761387164870,"status":"passed","title":"should validate candle volume"}],"endTime":1761387164894,"message":"  ● Candle Data Handling › fetchHybridCandles › should fetch candles successfully for Solana\n\n    TypeError: Cannot read properties of undefined (reading 'data')\n\n      230 |\n      231 |   // Defensive: Normalize to Candle type\n    > 232 |   const items: any[] = response.data?.data?.items ?? [];\n          |                                 ^\n      233 |   return items.map(item => ({\n      234 |     timestamp: item.unix_time,\n      235 |     open: item.o,\n\n      at data (src/simulation/candles.ts:232:33)\n      at fetchFreshCandles (src/simulation/candles.ts:181:28)\n      at fetchHybridCandles (src/simulation/candles.ts:317:25)\n      at Object.<anonymous> (tests/unit/candles.test.ts:96:22)\n\n  ● Candle Data Handling › fetchHybridCandles › should fetch candles successfully for Ethereum\n\n    TypeError: Cannot read properties of undefined (reading 'data')\n\n      230 |\n      231 |   // Defensive: Normalize to Candle type\n    > 232 |   const items: any[] = response.data?.data?.items ?? [];\n          |                                 ^\n      233 |   return items.map(item => ({\n      234 |     timestamp: item.unix_time,\n      235 |     open: item.o,\n\n      at data (src/simulation/candles.ts:232:33)\n      at fetchFreshCandles (src/simulation/candles.ts:181:28)\n      at fetchHybridCandles (src/simulation/candles.ts:317:25)\n      at Object.<anonymous> (tests/unit/candles.test.ts:134:22)\n\n  ● Candle Data Handling › fetchHybridCandles › should handle empty response data\n\n    TypeError: Cannot read properties of undefined (reading 'data')\n\n      230 |\n      231 |   // Defensive: Normalize to Candle type\n    > 232 |   const items: any[] = response.data?.data?.items ?? [];\n          |                                 ^\n      233 |   return items.map(item => ({\n      234 |     timestamp: item.unix_time,\n      235 |     open: item.o,\n\n      at data (src/simulation/candles.ts:232:33)\n      at fetchFreshCandles (src/simulation/candles.ts:181:28)\n      at fetchHybridCandles (src/simulation/candles.ts:317:25)\n      at Object.<anonymous> (tests/unit/candles.test.ts:174:22)\n\n  ● Candle Data Handling › fetchHybridCandles › should handle unsuccessful API response\n\n    TypeError: Cannot read properties of undefined (reading 'data')\n\n      230 |\n      231 |   // Defensive: Normalize to Candle type\n    > 232 |   const items: any[] = response.data?.data?.items ?? [];\n          |                                 ^\n      233 |   return items.map(item => ({\n      234 |     timestamp: item.unix_time,\n      235 |     open: item.o,\n\n      at data (src/simulation/candles.ts:232:33)\n      at fetchFreshCandles (src/simulation/candles.ts:181:28)\n      at fetchHybridCandles (src/simulation/candles.ts:317:25)\n      at Object.<anonymous> (tests/unit/candles.test.ts:193:22)\n\n  ● Candle Data Handling › fetchHybridCandles › should handle different chain types\n\n    TypeError: Cannot read properties of undefined (reading 'data')\n\n      230 |\n      231 |   // Defensive: Normalize to Candle type\n    > 232 |   const items: any[] = response.data?.data?.items ?? [];\n          |                                 ^\n      233 |   return items.map(item => ({\n      234 |     timestamp: item.unix_time,\n      235 |     open: item.o,\n\n      at data (src/simulation/candles.ts:232:33)\n      at fetchFreshCandles (src/simulation/candles.ts:181:28)\n      at fetchHybridCandles (src/simulation/candles.ts:317:25)\n      at Object.<anonymous> (tests/unit/candles.test.ts:215:9)\n\n  ● Candle Data Handling › fetchHybridCandles › should handle malformed candle data\n\n    TypeError: Cannot read properties of undefined (reading 'data')\n\n      230 |\n      231 |   // Defensive: Normalize to Candle type\n    > 232 |   const items: any[] = response.data?.data?.items ?? [];\n          |                                 ^\n      233 |   return items.map(item => ({\n      234 |     timestamp: item.unix_time,\n      235 |     open: item.o,\n\n      at data (src/simulation/candles.ts:232:33)\n      at fetchFreshCandles (src/simulation/candles.ts:181:28)\n      at fetchHybridCandles (src/simulation/candles.ts:317:25)\n      at Object.<anonymous> (tests/unit/candles.test.ts:253:22)\n\n  ● Candle Data Handling › fetchHybridCandles › should handle missing candle properties\n\n    TypeError: Cannot read properties of undefined (reading 'data')\n\n      230 |\n      231 |   // Defensive: Normalize to Candle type\n    > 232 |   const items: any[] = response.data?.data?.items ?? [];\n          |                                 ^\n      233 |   return items.map(item => ({\n      234 |     timestamp: item.unix_time,\n      235 |     open: item.o,\n\n      at data (src/simulation/candles.ts:232:33)\n      at fetchFreshCandles (src/simulation/candles.ts:181:28)\n      at fetchHybridCandles (src/simulation/candles.ts:317:25)\n      at Object.<anonymous> (tests/unit/candles.test.ts:282:22)\n","name":"/home/memez/quantBot/tests/unit/candles.test.ts","startTime":1761387159019,"status":"failed","summary":""},{"assertionResults":[{"ancestorTitles":["CAMonitoringService","Initialization"],"duration":8,"failing":false,"failureDetails":[],"failureMessages":[],"fullName":"CAMonitoringService Initialization should initialize successfully","invocations":1,"location":null,"numPassingAsserts":1,"retryReasons":[],"startAt":1761387164960,"status":"passed","title":"should initialize successfully"},{"ancestorTitles":["CAMonitoringService","CA Management"],"duration":3,"failing":false,"failureDetails":[],"failureMessages":[],"fullName":"CAMonitoringService CA Management should add CA monitor","invocations":1,"location":null,"numPassingAsserts":2,"retryReasons":[],"startAt":1761387164969,"status":"passed","title":"should add CA monitor"},{"ancestorTitles":["CAMonitoringService","CA Management"],"duration":2,"failing":false,"failureDetails":[],"failureMessages":[],"fullName":"CAMonitoringService CA Management should remove CA monitor","invocations":1,"location":null,"numPassingAsserts":2,"retryReasons":[],"startAt":1761387164972,"status":"passed","title":"should remove CA monitor"},{"ancestorTitles":["CAMonitoringService","CA Management"],"duration":2,"failing":false,"failureDetails":[],"failureMessages":[],"fullName":"CAMonitoringService CA Management should get CA monitor by key","invocations":1,"location":null,"numPassingAsserts":1,"retryReasons":[],"startAt":1761387164974,"status":"passed","title":"should get CA monitor by key"},{"ancestorTitles":["CAMonitoringService","Price Update Handling"],"duration":22,"failing":false,"failureDetails":[],"failureMessages":[],"fullName":"CAMonitoringService Price Update Handling should handle price update","invocations":1,"location":null,"numPassingAsserts":1,"retryReasons":[],"startAt":1761387164976,"status":"passed","title":"should handle price update"},{"ancestorTitles":["CAMonitoringService","Price Update Handling"],"duration":1,"failing":false,"failureDetails":[],"failureMessages":[],"fullName":"CAMonitoringService Price Update Handling should ignore price update for unknown CA","invocations":1,"location":null,"numPassingAsserts":1,"retryReasons":[],"startAt":1761387164998,"status":"passed","title":"should ignore price update for unknown CA"},{"ancestorTitles":["CAMonitoringService","Subscription Management"],"duration":2,"failing":false,"failureDetails":[],"failureMessages":[],"fullName":"CAMonitoringService Subscription Management should generate subscription requests","invocations":1,"location":null,"numPassingAsserts":3,"retryReasons":[],"startAt":1761387164999,"status":"passed","title":"should generate subscription requests"},{"ancestorTitles":["CAMonitoringService","Performance Summary"],"duration":1,"failing":false,"failureDetails":[],"failureMessages":[],"fullName":"CAMonitoringService Performance Summary should generate performance summary","invocations":1,"location":null,"numPassingAsserts":1,"retryReasons":[],"startAt":1761387165001,"status":"passed","title":"should generate performance summary"},{"ancestorTitles":["CAMonitoringService","Performance Summary"],"duration":0,"failing":false,"failureDetails":[],"failureMessages":[],"fullName":"CAMonitoringService Performance Summary should generate summary with active CAs","invocations":1,"location":null,"numPassingAsserts":2,"retryReasons":[],"startAt":1761387165002,"status":"passed","title":"should generate summary with active CAs"}],"endTime":1761387165004,"message":"","name":"/home/memez/quantBot/tests/unit/monitoring.test.ts","startTime":1761387159067,"status":"passed","summary":""},{"assertionResults":[{"ancestorTitles":["EventBus","Event Publishing and Subscription"],"duration":4,"failing":false,"failureDetails":[],"failureMessages":[],"fullName":"EventBus Event Publishing and Subscription should publish and receive events","invocations":1,"location":null,"numPassingAsserts":1,"retryReasons":[],"startAt":1761387164995,"status":"passed","title":"should publish and receive events"},{"ancestorTitles":["EventBus","Event Publishing and Subscription"],"duration":1,"failing":false,"failureDetails":[],"failureMessages":[],"fullName":"EventBus Event Publishing and Subscription should handle multiple subscribers","invocations":1,"location":null,"numPassingAsserts":2,"retryReasons":[],"startAt":1761387165000,"status":"passed","title":"should handle multiple subscribers"},{"ancestorTitles":["EventBus","Event Publishing and Subscription"],"duration":21,"failing":false,"failureDetails":[{"matcherResult":{"message":"expect(jest.fn()).not.toHaveBeenCalled()\n\nExpected number of calls: 0\nReceived number of calls: 1\n\n1: {\"data\": {\"message\": \"Hello\"}, \"metadata\": {\"correlationId\": \"evt_3_1761387165001\", \"sessionId\": undefined, \"source\": \"test-source\", \"timestamp\": 1761387165001, \"userId\": undefined}, \"type\": \"test.event\"}","pass":true}}],"failureMessages":["Error: expect(jest.fn()).not.toHaveBeenCalled()\n\nExpected number of calls: 0\nReceived number of calls: 1\n\n1: {\"data\": {\"message\": \"Hello\"}, \"metadata\": {\"correlationId\": \"evt_3_1761387165001\", \"sessionId\": undefined, \"source\": \"test-source\", \"timestamp\": 1761387165001, \"userId\": undefined}, \"type\": \"test.event\"}\n    at Object.<anonymous> (/home/memez/quantBot/tests/unit/events.test.ts:57:27)"],"fullName":"EventBus Event Publishing and Subscription should unsubscribe handlers","invocations":1,"location":null,"numPassingAsserts":0,"retryReasons":[],"startAt":1761387165001,"status":"failed","title":"should unsubscribe handlers"},{"ancestorTitles":["EventBus","Event History"],"duration":2,"failing":false,"failureDetails":[],"failureMessages":[],"fullName":"EventBus Event History should maintain event history","invocations":1,"location":null,"numPassingAsserts":3,"retryReasons":[],"startAt":1761387165029,"status":"passed","title":"should maintain event history"},{"ancestorTitles":["EventBus","Event History"],"duration":1,"failing":false,"failureDetails":[],"failureMessages":[],"fullName":"EventBus Event History should filter events by type","invocations":1,"location":null,"numPassingAsserts":2,"retryReasons":[],"startAt":1761387165031,"status":"passed","title":"should filter events by type"},{"ancestorTitles":["EventBus","Event History"],"duration":0,"failing":false,"failureDetails":[],"failureMessages":[],"fullName":"EventBus Event History should filter events by source","invocations":1,"location":null,"numPassingAsserts":2,"retryReasons":[],"startAt":1761387165032,"status":"passed","title":"should filter events by source"},{"ancestorTitles":["EventBus","Event Statistics"],"duration":1,"failing":false,"failureDetails":[],"failureMessages":[],"fullName":"EventBus Event Statistics should provide event statistics","invocations":1,"location":null,"numPassingAsserts":5,"retryReasons":[],"startAt":1761387165032,"status":"passed","title":"should provide event statistics"},{"ancestorTitles":["EventBus","Middleware"],"duration":1,"failing":false,"failureDetails":[],"failureMessages":[],"fullName":"EventBus Middleware should run middleware pipeline","invocations":1,"location":null,"numPassingAsserts":5,"retryReasons":[],"startAt":1761387165034,"status":"passed","title":"should run middleware pipeline"},{"ancestorTitles":["EventBus","Middleware"],"duration":15,"failing":false,"failureDetails":[],"failureMessages":[],"fullName":"EventBus Middleware should handle middleware errors","invocations":1,"location":null,"numPassingAsserts":2,"retryReasons":[],"startAt":1761387165035,"status":"passed","title":"should handle middleware errors"},{"ancestorTitles":["EventBus","Error Handling"],"duration":2,"failing":false,"failureDetails":[],"failureMessages":[],"fullName":"EventBus Error Handling should handle handler errors","invocations":1,"location":null,"numPassingAsserts":1,"retryReasons":[],"startAt":1761387165050,"status":"passed","title":"should handle handler errors"},{"ancestorTitles":["EventFactory"],"duration":1,"failing":false,"failureDetails":[],"failureMessages":[],"fullName":"EventFactory should create events with proper structure","invocations":1,"location":null,"numPassingAsserts":5,"retryReasons":[],"startAt":1761387165052,"status":"passed","title":"should create events with proper structure"},{"ancestorTitles":["EventFactory"],"duration":0,"failing":false,"failureDetails":[],"failureMessages":[],"fullName":"EventFactory should create user events with user context","invocations":1,"location":null,"numPassingAsserts":2,"retryReasons":[],"startAt":1761387165053,"status":"passed","title":"should create user events with user context"},{"ancestorTitles":["EventFactory"],"duration":1,"failing":false,"failureDetails":[],"failureMessages":[],"fullName":"EventFactory should create system events","invocations":1,"location":null,"numPassingAsserts":3,"retryReasons":[],"startAt":1761387165053,"status":"passed","title":"should create system events"},{"ancestorTitles":["Middleware","MetricsMiddleware"],"duration":1,"failing":false,"failureDetails":[],"failureMessages":[],"fullName":"Middleware MetricsMiddleware should collect metrics","invocations":1,"location":null,"numPassingAsserts":2,"retryReasons":[],"startAt":1761387165054,"status":"passed","title":"should collect metrics"},{"ancestorTitles":["Middleware","RateLimitingMiddleware"],"duration":1,"failing":false,"failureDetails":[{"matcherResult":{"message":"expect(jest.fn()).toHaveBeenCalledTimes(expected)\n\nExpected number of calls: 1\nReceived number of calls: 2","pass":false}}],"failureMessages":["Error: expect(jest.fn()).toHaveBeenCalledTimes(expected)\n\nExpected number of calls: 1\nReceived number of calls: 2\n    at Object.<anonymous> (/home/memez/quantBot/tests/unit/events.test.ts:257:23)"],"fullName":"Middleware RateLimitingMiddleware should rate limit events","invocations":1,"location":null,"numPassingAsserts":0,"retryReasons":[],"startAt":1761387165055,"status":"failed","title":"should rate limit events"},{"ancestorTitles":["EventHandlerRegistry"],"duration":1,"failing":false,"failureDetails":[],"failureMessages":[],"fullName":"EventHandlerRegistry should register all event handlers","invocations":1,"location":null,"numPassingAsserts":1,"retryReasons":[],"startAt":1761387165056,"status":"passed","title":"should register all event handlers"}],"endTime":1761387165073,"message":"  ● EventBus › Event Publishing and Subscription › should unsubscribe handlers\n\n    expect(jest.fn()).not.toHaveBeenCalled()\n\n    Expected number of calls: 0\n    Received number of calls: 1\n\n    1: {\"data\": {\"message\": \"Hello\"}, \"metadata\": {\"correlationId\": \"evt_3_1761387165001\", \"sessionId\": undefined, \"source\": \"test-source\", \"timestamp\": 1761387165001, \"userId\": undefined}, \"type\": \"test.event\"}\n\n      55 |       // Give a moment for async processing\n      56 |       await new Promise(resolve => setTimeout(resolve, 10));\n    > 57 |       expect(handler).not.toHaveBeenCalled();\n         |                           ^\n      58 |     });\n      59 |   });\n      60 |\n\n      at Object.<anonymous> (tests/unit/events.test.ts:57:27)\n\n  ● Middleware › RateLimitingMiddleware › should rate limit events\n\n    expect(jest.fn()).toHaveBeenCalledTimes(expected)\n\n    Expected number of calls: 1\n    Received number of calls: 2\n\n      255 |       await eventBus.publish(event);\n      256 |\n    > 257 |       expect(handler).toHaveBeenCalledTimes(1);\n          |                       ^\n      258 |     });\n      259 |   });\n      260 | });\n\n      at Object.<anonymous> (tests/unit/events.test.ts:257:23)\n","name":"/home/memez/quantBot/tests/unit/events.test.ts","startTime":1761387159071,"status":"failed","summary":""},{"assertionResults":[{"ancestorTitles":["BacktestCommandHandler","Command Properties"],"duration":4,"failing":false,"failureDetails":[],"failureMessages":[],"fullName":"BacktestCommandHandler Command Properties should have correct command name","invocations":1,"location":null,"numPassingAsserts":1,"retryReasons":[],"startAt":1761387165072,"status":"passed","title":"should have correct command name"},{"ancestorTitles":["BacktestCommandHandler","Command Properties"],"duration":1,"failing":false,"failureDetails":[],"failureMessages":[],"fullName":"BacktestCommandHandler Command Properties should be instance of BaseCommandHandler","invocations":1,"location":null,"numPassingAsserts":1,"retryReasons":[],"startAt":1761387165076,"status":"passed","title":"should be instance of BaseCommandHandler"},{"ancestorTitles":["BacktestCommandHandler","execute method"],"duration":1,"failing":false,"failureDetails":[],"failureMessages":[],"fullName":"BacktestCommandHandler execute method should initialize backtest session successfully","invocations":1,"location":null,"numPassingAsserts":2,"retryReasons":[],"startAt":1761387165077,"status":"passed","title":"should initialize backtest session successfully"},{"ancestorTitles":["BacktestCommandHandler","execute method"],"duration":0,"failing":false,"failureDetails":[],"failureMessages":[],"fullName":"BacktestCommandHandler execute method should include supported token formats in response","invocations":1,"location":null,"numPassingAsserts":4,"retryReasons":[],"startAt":1761387165079,"status":"passed","title":"should include supported token formats in response"},{"ancestorTitles":["BacktestCommandHandler","execute method"],"duration":0,"failing":false,"failureDetails":[],"failureMessages":[],"fullName":"BacktestCommandHandler execute method should include cancel instruction","invocations":1,"location":null,"numPassingAsserts":1,"retryReasons":[],"startAt":1761387165080,"status":"passed","title":"should include cancel instruction"},{"ancestorTitles":["BacktestCommandHandler","execute method"],"duration":0,"failing":false,"failureDetails":[],"failureMessages":[],"fullName":"BacktestCommandHandler execute method should handle missing user ID","invocations":1,"location":null,"numPassingAsserts":1,"retryReasons":[],"startAt":1761387165080,"status":"passed","title":"should handle missing user ID"},{"ancestorTitles":["BacktestCommandHandler","execute method"],"duration":1,"failing":false,"failureDetails":[],"failureMessages":[],"fullName":"BacktestCommandHandler execute method should handle missing user ID (null)","invocations":1,"location":null,"numPassingAsserts":1,"retryReasons":[],"startAt":1761387165080,"status":"passed","title":"should handle missing user ID (null)"},{"ancestorTitles":["BacktestCommandHandler","execute method"],"duration":0,"failing":false,"failureDetails":[],"failureMessages":[],"fullName":"BacktestCommandHandler execute method should handle missing user ID (no id property)","invocations":1,"location":null,"numPassingAsserts":1,"retryReasons":[],"startAt":1761387165081,"status":"passed","title":"should handle missing user ID (no id property)"},{"ancestorTitles":["BacktestCommandHandler","execute method"],"duration":1,"failing":false,"failureDetails":[],"failureMessages":[],"fullName":"BacktestCommandHandler execute method should handle reply errors gracefully","invocations":1,"location":null,"numPassingAsserts":1,"retryReasons":[],"startAt":1761387165081,"status":"passed","title":"should handle reply errors gracefully"},{"ancestorTitles":["BacktestCommandHandler","execute method"],"duration":0,"failing":false,"failureDetails":[],"failureMessages":[],"fullName":"BacktestCommandHandler execute method should handle context errors gracefully","invocations":1,"location":null,"numPassingAsserts":1,"retryReasons":[],"startAt":1761387165082,"status":"passed","title":"should handle context errors gracefully"},{"ancestorTitles":["BacktestCommandHandler","Session Management"],"duration":0,"failing":false,"failureDetails":[],"failureMessages":[],"fullName":"BacktestCommandHandler Session Management should work with existing session","invocations":1,"location":null,"numPassingAsserts":1,"retryReasons":[],"startAt":1761387165082,"status":"passed","title":"should work with existing session"},{"ancestorTitles":["BacktestCommandHandler","Session Management"],"duration":1,"failing":false,"failureDetails":[],"failureMessages":[],"fullName":"BacktestCommandHandler Session Management should work without session","invocations":1,"location":null,"numPassingAsserts":1,"retryReasons":[],"startAt":1761387165082,"status":"passed","title":"should work without session"},{"ancestorTitles":["BacktestCommandHandler","Error Handling"],"duration":0,"failing":false,"failureDetails":[],"failureMessages":[],"fullName":"BacktestCommandHandler Error Handling should handle session service errors","invocations":1,"location":null,"numPassingAsserts":1,"retryReasons":[],"startAt":1761387165083,"status":"passed","title":"should handle session service errors"},{"ancestorTitles":["BacktestCommandHandler","Error Handling"],"duration":0,"failing":false,"failureDetails":[],"failureMessages":[],"fullName":"BacktestCommandHandler Error Handling should handle unexpected errors","invocations":1,"location":null,"numPassingAsserts":1,"retryReasons":[],"startAt":1761387165083,"status":"passed","title":"should handle unexpected errors"},{"ancestorTitles":["BacktestCommandHandler","Message Formatting"],"duration":1,"failing":false,"failureDetails":[],"failureMessages":[],"fullName":"BacktestCommandHandler Message Formatting should use Markdown parse mode","invocations":1,"location":null,"numPassingAsserts":1,"retryReasons":[],"startAt":1761387165083,"status":"passed","title":"should use Markdown parse mode"},{"ancestorTitles":["BacktestCommandHandler","Message Formatting"],"duration":0,"failing":false,"failureDetails":[],"failureMessages":[],"fullName":"BacktestCommandHandler Message Formatting should format message with proper Markdown","invocations":1,"location":null,"numPassingAsserts":6,"retryReasons":[],"startAt":1761387165084,"status":"passed","title":"should format message with proper Markdown"},{"ancestorTitles":["BacktestCommandHandler","Message Formatting"],"duration":0,"failing":false,"failureDetails":[],"failureMessages":[],"fullName":"BacktestCommandHandler Message Formatting should include emojis in the message","invocations":1,"location":null,"numPassingAsserts":1,"retryReasons":[],"startAt":1761387165084,"status":"passed","title":"should include emojis in the message"},{"ancestorTitles":["BacktestCommandHandler","Integration"],"duration":0,"failing":false,"failureDetails":[],"failureMessages":[],"fullName":"BacktestCommandHandler Integration should work with different user IDs","invocations":1,"location":null,"numPassingAsserts":3,"retryReasons":[],"startAt":1761387165085,"status":"passed","title":"should work with different user IDs"},{"ancestorTitles":["BacktestCommandHandler","Integration"],"duration":0,"failing":false,"failureDetails":[],"failureMessages":[],"fullName":"BacktestCommandHandler Integration should maintain handler state across calls","invocations":1,"location":null,"numPassingAsserts":1,"retryReasons":[],"startAt":1761387165085,"status":"passed","title":"should maintain handler state across calls"}],"endTime":1761387165086,"message":"","name":"/home/memez/quantBot/tests/unit/BacktestCommandHandler.test.ts","startTime":1761387159058,"status":"passed","summary":""},{"assertionResults":[{"ancestorTitles":["Service Layer Tests","SessionService"],"duration":4,"failing":false,"failureDetails":[],"failureMessages":[],"fullName":"Service Layer Tests SessionService should create and retrieve sessions","invocations":1,"location":null,"numPassingAsserts":1,"retryReasons":[],"startAt":1761387165058,"status":"passed","title":"should create and retrieve sessions"},{"ancestorTitles":["Service Layer Tests","SessionService"],"duration":1,"failing":false,"failureDetails":[],"failureMessages":[],"fullName":"Service Layer Tests SessionService should update session fields","invocations":1,"location":null,"numPassingAsserts":2,"retryReasons":[],"startAt":1761387165062,"status":"passed","title":"should update session fields"},{"ancestorTitles":["Service Layer Tests","SessionService"],"duration":0,"failing":false,"failureDetails":[],"failureMessages":[],"fullName":"Service Layer Tests SessionService should clear sessions","invocations":1,"location":null,"numPassingAsserts":3,"retryReasons":[],"startAt":1761387165063,"status":"passed","title":"should clear sessions"},{"ancestorTitles":["Service Layer Tests","StrategyService"],"duration":1,"failing":false,"failureDetails":[{}],"failureMessages":["Error: Database not initialized\n    at /home/memez/quantBot/src/utils/database.ts:474:28\n    at new Promise (<anonymous>)\n    at Object.getStrategy (/home/memez/quantBot/src/utils/database.ts:473:10)\n    at StrategyService.getStrategy (/home/memez/quantBot/src/services/StrategyService.ts:54:15)\n    at StrategyService.getStrategy [as strategyExists] (/home/memez/quantBot/src/services/StrategyService.ts:68:33)\n    at Object.<anonymous> (/home/memez/quantBot/tests/unit/services.test.ts:62:44)\n    at Promise.finally.completed (/home/memez/quantBot/node_modules/jest-circus/build/jestAdapterInit.js:1557:28)\n    at new Promise (<anonymous>)\n    at callAsyncCircusFn (/home/memez/quantBot/node_modules/jest-circus/build/jestAdapterInit.js:1497:10)\n    at _callCircusTest (/home/memez/quantBot/node_modules/jest-circus/build/jestAdapterInit.js:1007:40)\n    at processTicksAndRejections (node:internal/process/task_queues:105:5)\n    at _runTest (/home/memez/quantBot/node_modules/jest-circus/build/jestAdapterInit.js:947:3)\n    at /home/memez/quantBot/node_modules/jest-circus/build/jestAdapterInit.js:849:7\n    at _runTestsForDescribeBlock (/home/memez/quantBot/node_modules/jest-circus/build/jestAdapterInit.js:862:11)\n    at _runTestsForDescribeBlock (/home/memez/quantBot/node_modules/jest-circus/build/jestAdapterInit.js:857:11)\n    at _runTestsForDescribeBlock (/home/memez/quantBot/node_modules/jest-circus/build/jestAdapterInit.js:857:11)\n    at run (/home/memez/quantBot/node_modules/jest-circus/build/jestAdapterInit.js:761:3)\n    at runAndTransformResultsToJestFormat (/home/memez/quantBot/node_modules/jest-circus/build/jestAdapterInit.js:1918:21)\n    at jestAdapter (/home/memez/quantBot/node_modules/jest-circus/build/runner.js:101:19)\n    at runTestInternal (/home/memez/quantBot/node_modules/jest-runner/build/testWorker.js:275:16)\n    at runTest (/home/memez/quantBot/node_modules/jest-runner/build/testWorker.js:343:7)\n    at Object.worker (/home/memez/quantBot/node_modules/jest-runner/build/testWorker.js:497:12)"],"fullName":"Service Layer Tests StrategyService should check if strategy exists","invocations":1,"location":null,"numPassingAsserts":0,"retryReasons":[],"startAt":1761387165063,"status":"failed","title":"should check if strategy exists"},{"ancestorTitles":["Service Layer Tests","StrategyService"],"duration":1,"failing":false,"failureDetails":[],"failureMessages":[],"fullName":"Service Layer Tests StrategyService should handle strategy operations","invocations":1,"location":null,"numPassingAsserts":1,"retryReasons":[],"startAt":1761387165095,"status":"passed","title":"should handle strategy operations"},{"ancestorTitles":["Service Layer Tests","SimulationService"],"duration":1,"failing":false,"failureDetails":[],"failureMessages":[],"fullName":"Service Layer Tests SimulationService should handle simulation parameters","invocations":1,"location":null,"numPassingAsserts":3,"retryReasons":[],"startAt":1761387165096,"status":"passed","title":"should handle simulation parameters"}],"endTime":1761387165108,"message":"  ● Service Layer Tests › StrategyService › should check if strategy exists\n\n    Database not initialized\n\n      472 | export function getStrategy(userId: number, name: string): Promise<any | null> {\n      473 |   return new Promise((resolve, reject) => {\n    > 474 |     if (!db) return reject(new Error('Database not initialized'));\n          |                            ^\n      475 |\n      476 |     const query = `\n      477 |       SELECT\n\n      at src/utils/database.ts:474:28\n      at Object.getStrategy (src/utils/database.ts:473:10)\n      at StrategyService.getStrategy (src/services/StrategyService.ts:54:15)\n      at StrategyService.getStrategy [as strategyExists] (src/services/StrategyService.ts:68:33)\n      at Object.<anonymous> (tests/unit/services.test.ts:62:44)\n","name":"/home/memez/quantBot/tests/unit/services.test.ts","startTime":1761387159059,"status":"failed","summary":""},{"assertionResults":[{"ancestorTitles":["StrategyCommandHandler","Command Properties"],"duration":3,"failing":false,"failureDetails":[],"failureMessages":[],"fullName":"StrategyCommandHandler Command Properties should have correct command name","invocations":1,"location":null,"numPassingAsserts":1,"retryReasons":[],"startAt":1761387165324,"status":"passed","title":"should have correct command name"},{"ancestorTitles":["StrategyCommandHandler","Command Properties"],"duration":0,"failing":false,"failureDetails":[],"failureMessages":[],"fullName":"StrategyCommandHandler Command Properties should be instance of BaseCommandHandler","invocations":1,"location":null,"numPassingAsserts":1,"retryReasons":[],"startAt":1761387165327,"status":"passed","title":"should be instance of BaseCommandHandler"},{"ancestorTitles":["StrategyCommandHandler","execute method - List Strategies"],"duration":1,"failing":false,"failureDetails":[],"failureMessages":[],"fullName":"StrategyCommandHandler execute method - List Strategies should list strategies when no arguments provided","invocations":1,"location":null,"numPassingAsserts":2,"retryReasons":[],"startAt":1761387165328,"status":"passed","title":"should list strategies when no arguments provided"},{"ancestorTitles":["StrategyCommandHandler","execute method - List Strategies"],"duration":0,"failing":false,"failureDetails":[],"failureMessages":[],"fullName":"StrategyCommandHandler execute method - List Strategies should handle empty strategies list","invocations":1,"location":null,"numPassingAsserts":1,"retryReasons":[],"startAt":1761387165329,"status":"passed","title":"should handle empty strategies list"},{"ancestorTitles":["StrategyCommandHandler","execute method - List Strategies"],"duration":1,"failing":false,"failureDetails":[],"failureMessages":[],"fullName":"StrategyCommandHandler execute method - List Strategies should format strategies list correctly","invocations":1,"location":null,"numPassingAsserts":4,"retryReasons":[],"startAt":1761387165329,"status":"passed","title":"should format strategies list correctly"},{"ancestorTitles":["StrategyCommandHandler","execute method - Save Strategy"],"duration":0,"failing":false,"failureDetails":[],"failureMessages":[],"fullName":"StrategyCommandHandler execute method - Save Strategy should save strategy with valid arguments","invocations":1,"location":null,"numPassingAsserts":1,"retryReasons":[],"startAt":1761387165330,"status":"passed","title":"should save strategy with valid arguments"},{"ancestorTitles":["StrategyCommandHandler","execute method - Save Strategy"],"duration":0,"failing":false,"failureDetails":[],"failureMessages":[],"fullName":"StrategyCommandHandler execute method - Save Strategy should handle incomplete save command","invocations":1,"location":null,"numPassingAsserts":1,"retryReasons":[],"startAt":1761387165330,"status":"passed","title":"should handle incomplete save command"},{"ancestorTitles":["StrategyCommandHandler","execute method - Save Strategy"],"duration":1,"failing":false,"failureDetails":[],"failureMessages":[],"fullName":"StrategyCommandHandler execute method - Save Strategy should handle invalid strategy format","invocations":1,"location":null,"numPassingAsserts":1,"retryReasons":[],"startAt":1761387165330,"status":"passed","title":"should handle invalid strategy format"},{"ancestorTitles":["StrategyCommandHandler","execute method - Save Strategy"],"duration":0,"failing":false,"failureDetails":[],"failureMessages":[],"fullName":"StrategyCommandHandler execute method - Save Strategy should handle invalid stop loss format","invocations":1,"location":null,"numPassingAsserts":1,"retryReasons":[],"startAt":1761387165331,"status":"passed","title":"should handle invalid stop loss format"},{"ancestorTitles":["StrategyCommandHandler","execute method - Use Strategy"],"duration":0,"failing":false,"failureDetails":[],"failureMessages":[],"fullName":"StrategyCommandHandler execute method - Use Strategy should use existing strategy","invocations":1,"location":null,"numPassingAsserts":2,"retryReasons":[],"startAt":1761387165331,"status":"passed","title":"should use existing strategy"},{"ancestorTitles":["StrategyCommandHandler","execute method - Use Strategy"],"duration":1,"failing":false,"failureDetails":[],"failureMessages":[],"fullName":"StrategyCommandHandler execute method - Use Strategy should handle non-existent strategy","invocations":1,"location":null,"numPassingAsserts":1,"retryReasons":[],"startAt":1761387165331,"status":"passed","title":"should handle non-existent strategy"},{"ancestorTitles":["StrategyCommandHandler","execute method - Delete Strategy"],"duration":0,"failing":false,"failureDetails":[],"failureMessages":[],"fullName":"StrategyCommandHandler execute method - Delete Strategy should delete existing strategy","invocations":1,"location":null,"numPassingAsserts":2,"retryReasons":[],"startAt":1761387165332,"status":"passed","title":"should delete existing strategy"},{"ancestorTitles":["StrategyCommandHandler","execute method - Delete Strategy"],"duration":0,"failing":false,"failureDetails":[],"failureMessages":[],"fullName":"StrategyCommandHandler execute method - Delete Strategy should handle deletion of non-existent strategy","invocations":1,"location":null,"numPassingAsserts":1,"retryReasons":[],"startAt":1761387165332,"status":"passed","title":"should handle deletion of non-existent strategy"},{"ancestorTitles":["StrategyCommandHandler","execute method - Invalid Commands"],"duration":0,"failing":false,"failureDetails":[],"failureMessages":[],"fullName":"StrategyCommandHandler execute method - Invalid Commands should handle invalid command","invocations":1,"location":null,"numPassingAsserts":1,"retryReasons":[],"startAt":1761387165332,"status":"passed","title":"should handle invalid command"},{"ancestorTitles":["StrategyCommandHandler","execute method - Invalid Commands"],"duration":1,"failing":false,"failureDetails":[],"failureMessages":[],"fullName":"StrategyCommandHandler execute method - Invalid Commands should show usage instructions for invalid command","invocations":1,"location":null,"numPassingAsserts":5,"retryReasons":[],"startAt":1761387165332,"status":"passed","title":"should show usage instructions for invalid command"},{"ancestorTitles":["StrategyCommandHandler","Strategy Parsing"],"duration":0,"failing":false,"failureDetails":[],"failureMessages":[],"fullName":"StrategyCommandHandler Strategy Parsing should parse valid strategy format","invocations":1,"location":null,"numPassingAsserts":1,"retryReasons":[],"startAt":1761387165333,"status":"passed","title":"should parse valid strategy format"},{"ancestorTitles":["StrategyCommandHandler","Strategy Parsing"],"duration":0,"failing":false,"failureDetails":[],"failureMessages":[],"fullName":"StrategyCommandHandler Strategy Parsing should handle invalid strategy format","invocations":1,"location":null,"numPassingAsserts":1,"retryReasons":[],"startAt":1761387165333,"status":"passed","title":"should handle invalid strategy format"},{"ancestorTitles":["StrategyCommandHandler","Strategy Parsing"],"duration":1,"failing":false,"failureDetails":[],"failureMessages":[],"fullName":"StrategyCommandHandler Strategy Parsing should handle empty strategy string","invocations":1,"location":null,"numPassingAsserts":1,"retryReasons":[],"startAt":1761387165333,"status":"passed","title":"should handle empty strategy string"},{"ancestorTitles":["StrategyCommandHandler","Strategy Parsing"],"duration":0,"failing":false,"failureDetails":[],"failureMessages":[],"fullName":"StrategyCommandHandler Strategy Parsing should handle strategy with invalid numbers","invocations":1,"location":null,"numPassingAsserts":1,"retryReasons":[],"startAt":1761387165334,"status":"passed","title":"should handle strategy with invalid numbers"},{"ancestorTitles":["StrategyCommandHandler","Stop Loss Parsing"],"duration":0,"failing":false,"failureDetails":[],"failureMessages":[],"fullName":"StrategyCommandHandler Stop Loss Parsing should parse valid stop loss format","invocations":1,"location":null,"numPassingAsserts":1,"retryReasons":[],"startAt":1761387165334,"status":"passed","title":"should parse valid stop loss format"},{"ancestorTitles":["StrategyCommandHandler","Stop Loss Parsing"],"duration":0,"failing":false,"failureDetails":[],"failureMessages":[],"fullName":"StrategyCommandHandler Stop Loss Parsing should parse stop loss with none trailing","invocations":1,"location":null,"numPassingAsserts":1,"retryReasons":[],"startAt":1761387165334,"status":"passed","title":"should parse stop loss with none trailing"},{"ancestorTitles":["StrategyCommandHandler","Stop Loss Parsing"],"duration":0,"failing":false,"failureDetails":[],"failureMessages":[],"fullName":"StrategyCommandHandler Stop Loss Parsing should handle missing initial stop loss","invocations":1,"location":null,"numPassingAsserts":1,"retryReasons":[],"startAt":1761387165334,"status":"passed","title":"should handle missing initial stop loss"},{"ancestorTitles":["StrategyCommandHandler","Stop Loss Parsing"],"duration":0,"failing":false,"failureDetails":[],"failureMessages":[],"fullName":"StrategyCommandHandler Stop Loss Parsing should handle invalid stop loss format","invocations":1,"location":null,"numPassingAsserts":1,"retryReasons":[],"startAt":1761387165334,"status":"passed","title":"should handle invalid stop loss format"},{"ancestorTitles":["StrategyCommandHandler","Stop Loss Parsing"],"duration":1,"failing":false,"failureDetails":[],"failureMessages":[],"fullName":"StrategyCommandHandler Stop Loss Parsing should handle empty stop loss string","invocations":1,"location":null,"numPassingAsserts":1,"retryReasons":[],"startAt":1761387165334,"status":"passed","title":"should handle empty stop loss string"},{"ancestorTitles":["StrategyCommandHandler","Error Handling"],"duration":0,"failing":false,"failureDetails":[],"failureMessages":[],"fullName":"StrategyCommandHandler Error Handling should handle missing user ID","invocations":1,"location":null,"numPassingAsserts":1,"retryReasons":[],"startAt":1761387165335,"status":"passed","title":"should handle missing user ID"},{"ancestorTitles":["StrategyCommandHandler","Error Handling"],"duration":0,"failing":false,"failureDetails":[],"failureMessages":[],"fullName":"StrategyCommandHandler Error Handling should handle service errors gracefully","invocations":1,"location":null,"numPassingAsserts":1,"retryReasons":[],"startAt":1761387165335,"status":"passed","title":"should handle service errors gracefully"},{"ancestorTitles":["StrategyCommandHandler","Error Handling"],"duration":0,"failing":false,"failureDetails":[],"failureMessages":[],"fullName":"StrategyCommandHandler Error Handling should handle missing message text","invocations":1,"location":null,"numPassingAsserts":1,"retryReasons":[],"startAt":1761387165335,"status":"passed","title":"should handle missing message text"},{"ancestorTitles":["StrategyCommandHandler","Error Handling"],"duration":1,"failing":false,"failureDetails":[],"failureMessages":[],"fullName":"StrategyCommandHandler Error Handling should handle message with caption instead of text","invocations":1,"location":null,"numPassingAsserts":1,"retryReasons":[],"startAt":1761387165335,"status":"passed","title":"should handle message with caption instead of text"},{"ancestorTitles":["StrategyCommandHandler","Message Formatting"],"duration":0,"failing":false,"failureDetails":[],"failureMessages":[],"fullName":"StrategyCommandHandler Message Formatting should use Markdown parse mode","invocations":1,"location":null,"numPassingAsserts":1,"retryReasons":[],"startAt":1761387165336,"status":"passed","title":"should use Markdown parse mode"},{"ancestorTitles":["StrategyCommandHandler","Message Formatting"],"duration":0,"failing":false,"failureDetails":[],"failureMessages":[],"fullName":"StrategyCommandHandler Message Formatting should include emojis in messages","invocations":1,"location":null,"numPassingAsserts":1,"retryReasons":[],"startAt":1761387165336,"status":"passed","title":"should include emojis in messages"},{"ancestorTitles":["StrategyCommandHandler","Integration"],"duration":1,"failing":false,"failureDetails":[],"failureMessages":[],"fullName":"StrategyCommandHandler Integration should work with different user IDs","invocations":1,"location":null,"numPassingAsserts":3,"retryReasons":[],"startAt":1761387165336,"status":"passed","title":"should work with different user IDs"},{"ancestorTitles":["StrategyCommandHandler","Integration"],"duration":0,"failing":false,"failureDetails":[],"failureMessages":[],"fullName":"StrategyCommandHandler Integration should maintain handler state across calls","invocations":1,"location":null,"numPassingAsserts":1,"retryReasons":[],"startAt":1761387165337,"status":"passed","title":"should maintain handler state across calls"}],"endTime":1761387165338,"message":"","name":"/home/memez/quantBot/tests/unit/StrategyCommandHandler.test.ts","startTime":1761387159008,"status":"passed","summary":""},{"assertionResults":[{"ancestorTitles":["HeliusMonitor","Constructor and Initialization"],"duration":3,"failing":false,"failureDetails":[],"failureMessages":[],"fullName":"HeliusMonitor Constructor and Initialization should create HeliusMonitor instance","invocations":1,"location":null,"numPassingAsserts":2,"retryReasons":[],"startAt":1761387165313,"status":"passed","title":"should create HeliusMonitor instance"},{"ancestorTitles":["HeliusMonitor","Constructor and Initialization"],"duration":0,"failing":false,"failureDetails":[],"failureMessages":[],"fullName":"HeliusMonitor Constructor and Initialization should initialize with empty activeCAs map","invocations":1,"location":null,"numPassingAsserts":2,"retryReasons":[],"startAt":1761387165316,"status":"passed","title":"should initialize with empty activeCAs map"},{"ancestorTitles":["HeliusMonitor","Constructor and Initialization"],"duration":0,"failing":false,"failureDetails":[],"failureMessages":[],"fullName":"HeliusMonitor Constructor and Initialization should set initial state correctly","invocations":1,"location":null,"numPassingAsserts":3,"retryReasons":[],"startAt":1761387165317,"status":"passed","title":"should set initial state correctly"},{"ancestorTitles":["HeliusMonitor","WebSocket Connection"],"duration":2,"failing":false,"failureDetails":[{"matcherResult":{"message":"expect(jest.fn()).toHaveBeenCalledWith(...expected)\n\nExpected: StringContaining \"wss://atlas-mainnet.helius-rpc.com\"\nReceived: \"wss://mainnet.helius-rpc.com/?api-key=b09e2845-90c6-4218-b86f-2dc37d6cc444\"\n\nNumber of calls: 1","pass":false}}],"failureMessages":["Error: expect(jest.fn()).toHaveBeenCalledWith(...expected)\n\nExpected: 
[...]
},"137":{"loc":{"start":{"line":1190,"column":2},"end":{"line":1333,"column":3}},"type":"if","locations":[{"start":{"line":1190,"column":2},"end":{"line":1333,"column":3}},{"start":{},"end":{}}]},"138":{"loc":{"start":{"line":1191,"column":4},"end":{"line":1223,"column":5}},"type":"if","locations":[{"start":{"line":1191,"column":4},"end":{"line":1223,"column":5}},{"start":{"line":1193,"column":11},"end":{"line":1223,"column":5}}]},"139":{"loc":{"start":{"line":1197,"column":8},"end":{"line":1200,"column":9}},"type":"if","locations":[{"start":{"line":1197,"column":8},"end":{"line":1200,"column":9}},{"start":{},"end":{}}]},"140":{"loc":{"start":{"line":1203,"column":8},"end":{"line":1206,"column":9}},"type":"if","locations":[{"start":{"line":1203,"column":8},"end":{"line":1206,"column":9}},{"start":{},"end":{}}]},"141":{"loc":{"start":{"line":1208,"column":8},"end":{"line":1217,"column":9}},"type":"if","locations":[{"start":{"line":1208,"column":8},"end":{"line":1217,"column":9}},{"start":{"line":1210,"column":15},"end":{"line":1217,"column":9}}]},"142":{"loc":{"start":{"line":1212,"column":10},"end":{"line":1215,"column":11}},"type":"if","locations":[{"start":{"line":1212,"column":10},"end":{"line":1215,"column":11}},{"start":{},"end":{}}]},"143":{"loc":{"start":{"line":1226,"column":4},"end":{"line":1231,"column":5}},"type":"if","locations":[{"start":{"line":1226,"column":4},"end":{"line":1231,"column":5}},{"start":{},"end":{}}]},"144":{"loc":{"start":{"line":1241,"column":8},"end":{"line":1241,"column":33}},"type":"binary-expr","locations":[{"start":{"line":1241,"column":8},"end":{"line":1241,"column":21}},{"start":{"line":1241,"column":25},"end":{"line":1241,"column":33}}]},"145":{"loc":{"start":{"line":1243,"column":6},"end":{"line":1246,"column":7}},"type":"if","locations":[{"start":{"line":1243,"column":6},"end":{"line":1246,"column":7}},{"start":{},"end":{}}]},"146":{"loc":{"start":{"line":1252,"column":25},"end":{"line":1252,"column":132}},"type":"cond-expr","locations":[{"start":{"line":1252,"column":56},"end":{"line":1252,"column":59}},{"start":{"line":1252,"column":62},"end":{"line":1252,"column":132}}]},"147":{"loc":{"start":{"line":1252,"column":62},"end":{"line":1252,"column":132}},"type":"cond-expr","locations":[{"start":{"line":1252,"column":88},"end":{"line":1252,"column":92}},{"start":{"line":1252,"column":95},"end":{"line":1252,"column":132}}]},"148":{"loc":{"start":{"line":1252,"column":95},"end":{"line":1252,"column":132}},"type":"cond-expr","locations":[{"start":{"line":1252,"column":122},"end":{"line":1252,"column":126}},{"start":{"line":1252,"column":129},"end":{"line":1252,"column":132}}]},"149":{"loc":{"start":{"line":1253,"column":25},"end":{"line":1253,"column":83}},"type":"binary-expr","locations":[{"start":{"line":1253,"column":25},"end":{"line":1253,"column":47}},{"start":{"line":1253,"column":51},"end":{"line":1253,"column":83}}]},"150":{"loc":{"start":{"line":1259,"column":28},"end":{"line":1259,"column":110}},"type":"cond-expr","locations":[{"start":{"line":1259,"column":46},"end":{"line":1259,"column":73}},{"start":{"line":1259,"column":76},"end":{"line":1259,"column":110}}]},"151":{"loc":{"start":{"line":1262,"column":32},"end":{"line":1262,"column":72}},"type":"binary-expr","locations":[{"start":{"line":1262,"column":32},"end":{"line":1262,"column":60}},{"start":{"line":1262,"column":64},"end":{"line":1262,"column":72}}]},"152":{"loc":{"start":{"line":1263,"column":21},"end":{"line":1263,"column":56}},"type":"binary-expr","locations":[{"start":{"line":1263,"column":21},"end":{"line":1263,"column":43}},{"start":{"line":1263,"column":47},"end":{"line":1263,"column":56}}]},"153":{"loc":{"start":{"line":1263,"column":61},"end":{"line":1263,"column":94}},"type":"binary-expr","locations":[{"start":{"line":1263,"column":61},"end":{"line":1263,"column":85}},{"start":{"line":1263,"column":89},"end":{"line":1263,"column":94}}]},"154":{"loc":{"start":{"line":1266,"column":76},"end":{"line":1266,"column":172}},"type":"cond-expr","locations":[{"start":{"line":1266,"column":109},"end":{"line":1266,"column":115}},{"start":{"line":1266,"column":118},"end":{"line":1266,"column":172}}]},"155":{"loc":{"start":{"line":1278,"column":27},"end":{"line":1283,"column":64}},"type":"cond-expr","locations":[{"start":{"line":1278,"column":52},"end":{"line":1278,"column":56}},{"start":{"line":1279,"column":10},"end":{"line":1283,"column":64}}]},"156":{"loc":{"start":{"line":1279,"column":10},"end":{"line":1283,"column":64}},"type":"cond-expr","locations":[{"start":{"line":1279,"column":40},"end":{"line":1279,"column":45}},{"start":{"line":1280,"column":10},"end":{"line":1283,"column":64}}]},"157":{"loc":{"start":{"line":1280,"column":10},"end":{"line":1283,"column":64}},"type":"cond-expr","locations":[{"start":{"line":1280,"column":40},"end":{"line":1280,"column":44}},{"start":{"line":1281,"column":10},"end":{"line":1283,"column":64}}]},"158":{"loc":{"start":{"line":1281,"column":10},"end":{"line":1283,"column":64}},"type":"cond-expr","locations":[{"start":{"line":1281,"column":39},"end":{"line":1281,"column":43}},{"start":{"line":1282,"column":10},"end":{"line":1283,"column":64}}]},"159":{"loc":{"start":{"line":1282,"column":10},"end":{"line":1283,"column":64}},"type":"cond-expr","locations":[{"start":{"line":1282,"column":38},"end":{"line":1282,"column":42}},{"start":{"line":1283,"column":10},"end":{"line":1283,"column":64}}]},"160":{"loc":{"start":{"line":1283,"column":10},"end":{"line":1283,"column":64}},"type":"cond-expr","locations":[{"start":{"line":1283,"column":54},"end":{"line":1283,"column":57}},{"start":{"line":1283,"column":60},"end":{"line":1283,"column":64}}]},"161":{"loc":{"start":{"line":1287,"column":8},"end":{"line":1289,"column":9}},"type":"if","locations":[{"start":{"line":1287,"column":8},"end":{"line":1289,"column":9}},{"start":{},"end":{}}]},"162":{"loc":{"start":{"line":1291,"column":6},"end":{"line":1293,"column":7}},"type":"if","locations":[{"start":{"line":1291,"column":6},"end":{"line":1293,"column":7}},{"start":{},"end":{}}]},"163":{"loc":{"start":{"line":1302,"column":17},"end":{"line":1302,"column":42}},"type":"binary-expr","locations":[{"start":{"line":1302,"column":17},"end":{"line":1302,"column":30}},{"start":{"line":1302,"column":34},"end":{"line":1302,"column":42}}]},"164":{"loc":{"start":{"line":1319,"column":6},"end":{"line":1325,"column":7}},"type":"if","locations":[{"start":{"line":1319,"column":6},"end":{"line":1325,"column":7}},{"start":{},"end":{}}]},"165":{"loc":{"start":{"line":1350,"column":25},"end":{"line":1350,"column":44}},"type":"binary-expr","locations":[{"start":{"line":1350,"column":25},"end":{"line":1350,"column":38}},{"start":{"line":1350,"column":42},"end":{"line":1350,"column":44}}]},"166":{"loc":{"start":{"line":1350,"column":51},"end":{"line":1350,"column":67}},"type":"binary-expr","locations":[{"start":{"line":1350,"column":51},"end":{"line":1350,"column":61}},{"start":{"line":1350,"column":65},"end":{"line":1350,"column":67}}]},"167":{"loc":{"start":{"line":1352,"column":2},"end":{"line":1352,"column":43}},"type":"if","locations":[{"start":{"line":1352,"column":2},"end":{"line":1352,"column":43}},{"start":{},"end":{}}]},"168":{"loc":{"start":{"line":1359,"column":2},"end":{"line":1362,"column":3}},"type":"if","locations":[{"start":{"line":1359,"column":2},"end":{"line":1362,"column":3}},{"start":{},"end":{}}]},"169":{"loc":{"start":{"line":1359,"column":6},"end":{"line":1359,"column":46}},"type":"binary-expr","locations":[{"start":{"line":1359,"column":6},"end":{"line":1359,"column":20}},{"start":{"line":1359,"column":24},"end":{"line":1359,"column":46}}]},"170":{"loc":{"start":{"line":1388,"column":2},"end":{"line":1391,"column":3}},"type":"if","locations":[{"start":{"line":1388,"column":2},"end":{"line":1391,"column":3}},{"start":{},"end":{}}]},"171":{"loc":{"start":{"line":1388,"column":6},"end":{"line":1388,"column":63}},"type":"binary-expr","locations":[{"start":{"line":1388,"column":6},"end":{"line":1388,"column":34}},{"start":{"line":1388,"column":38},"end":{"line":1388,"column":63}}]},"172":{"loc":{"start":{"line":1395,"column":2},"end":{"line":1397,"column":3}},"type":"if","locations":[{"start":{"line":1395,"column":2},"end":{"line":1397,"column":3}},{"start":{},"end":{}}]},"173":{"loc":{"start":{"line":1403,"column":4},"end":{"line":1439,"column":5}},"type":"if","locations":[{"start":{"line":1403,"column":4},"end":{"line":1439,"column":5}},{"start":{"line":1427,"column":11},"end":{"line":1439,"column":5}}]},"174":{"loc":{"start":{"line":1416,"column":10},"end":{"line":1421,"column":11}},"type":"if","locations":[{"start":{"line":1416,"column":10},"end":{"line":1421,"column":11}},{"start":{},"end":{}}]},"175":{"loc":{"start":{"line":1416,"column":14},"end":{"line":1416,"column":49}},"type":"binary-expr","locations":[{"start":{"line":1416,"column":14},"end":{"line":1416,"column":31}},{"start":{"line":1416,"column":35},"end":{"line":1416,"column":49}}]},"176":{"loc":{"start":{"line":1440,"column":4},"end":{"line":1443,"column":5}},"type":"if","locations":[{"start":{"line":1440,"column":4},"end":{"line":1443,"column":5}},{"start":{},"end":{}}]},"177":{"loc":{"start":{"line":1455,"column":25},"end":{"line":1455,"column":50}},"type":"binary-expr","locations":[{"start":{"line":1455,"column":25},"end":{"line":1455,"column":45}},{"start":{"line":1455,"column":49},"end":{"line":1455,"column":50}}]},"178":{"loc":{"start":{"line":1456,"column":22},"end":{"line":1456,"column":44}},"type":"binary-expr","locations":[{"start":{"line":1456,"column":22},"end":{"line":1456,"column":39}},{"start":{"line":1456,"column":43},"end":{"line":1456,"column":44}}]},"179":{"loc":{"start":{"line":1478,"column":4},"end":{"line":1493,"column":5}},"type":"if","locations":[{"start":{"line":1478,"column":4},"end":{"line":1493,"column":5}},{"start":{},"end":{}}]},"180":{"loc":{"start":{"line":1478,"column":8},"end":{"line":1478,"column":48}},"type":"binary-expr","locations":[{"start":{"line":1478,"column":8},"end":{"line":1478,"column":21}},{"start":{"line":1478,"column":25},"end":{"line":1478,"column":48}}]},"181":{"loc":{"start":{"line":1496,"column":23},"end":{"line":1496,"column":121}},"type":"cond-expr","locations":[{"start":{"line":1496,"column":51},"end":{"line":1496,"column":54}},{"start":{"line":1496,"column":57},"end":{"line":1496,"column":121}}]},"182":{"loc":{"start":{"line":1496,"column":57},"end":{"line":1496,"column":121}},"type":"cond-expr","locations":[{"start":{"line":1496,"column":80},"end":{"line":1496,"column":84}},{"start":{"line":1496,"column":87},"end":{"line":1496,"column":121}}]},"183":{"loc":{"start":{"line":1496,"column":87},"end":{"line":1496,"column":121}},"type":"cond-expr","locations":[{"start":{"line":1496,"column":111},"end":{"line":1496,"column":115}},{"start":{"line":1496,"column":118},"end":{"line":1496,"column":121}}]},"184":{"loc":{"start":{"line":1497,"column":29},"end":{"line":1497,"column":144}},"type":"cond-expr","locations":[{"start":{"line":1497,"column":55},"end":{"line":1497,"column":87}},{"start":{"line":1497,"column":90},"end":{"line":1497,"column":144}}]},"185":{"loc":{"start":{"line":1501,"column":19},"end":{"line":1501,"column":47}},"type":"binary-expr","locations":[{"start":{"line":1501,"column":19},"end":{"line":1501,"column":34}},{"start":{"line":1501,"column":38},"end":{"line":1501,"column":47}}]},"186":{"loc":{"start":{"line":1501,"column":52},"end":{"line":1501,"column":78}},"type":"binary-expr","locations":[{"start":{"line":1501,"column":52},"end":{"line":1501,"column":69}},{"start":{"line":1501,"column":73},"end":{"line":1501,"column":78}}]},"187":{"loc":{"start":{"line":1530,"column":4},"end":{"line":1545,"column":5}},"type":"if","locations":[{"start":{"line":1530,"column":4},"end":{"line":1545,"column":5}},{"start":{"line":1543,"column":11},"end":{"line":1545,"column":5}}]},"188":{"loc":{"start":{"line":1530,"column":8},"end":{"line":1530,"column":78}},"type":"binary-expr","locations":[{"start":{"line":1530,"column":8},"end":{"line":1530,"column":34}},{"start":{"line":1530,"column":38},"end":{"line":1530,"column":78}}]},"189":{"loc":{"start":{"line":1538,"column":8},"end":{"line":1540,"column":9}},"type":"if","locations":[{"start":{"line":1538,"column":8},"end":{"line":1540,"column":9}},{"start":{},"end":{}}]}},"s":{"0":0,"1":0,"2":0,"3":0,"4":0,"5":0,"6":0,"7":0,"8":0,"9":0,"10":0,"11":0,"12":0,"13":0,"14":0,"15":0,"16":0,"17":0,"18":0,"19":0,"20":0,"21":0,"22":0,"23":0,"24":0,"25":0,"26":0,"27":0,"28":0,"29":0,"30":0,"31":0,"32":0,"33":0,"34":0,"35":0,"36":0,"37":0,"38":0,"39":0,"40":0,"41":0,"42":0,"43":0,"44":0,"45":0,"46":0,"47":0,"48":0,"49":0,"50":0,"51":0,"52":0,"53":0,"54":0,"55":0,"56":0,"57":0,"58":0,"59":0,"60":0,"61":0,"62":0,"63":0,"64":0,"65":0,"66":0,"67":0,"68":0,"69":0,"70":0,"71":0,"72":0,"73":0,"74":0,"75":0,"76":0,"77":0,"78":0,"79":0,"80":0,"81":0,"82":0,"83":0,"84":0,"85":0,"86":0,"87":0,"88":0,"89":0,"90":0,"91":0,"92":0,"93":0,"94":0,"95":0,"96":0,"97":0,"98":0,"99":0,"100":0,"101":0,"102":0,"103":0,"104":0,"105":0,"106":0,"107":0,"108":0,"109":0,"110":0,"111":0,"112":0,"113":0,"114":0,"115":0,"116":0,"117":0,"118":0,"119":0,"120":0,"121":0,"122":0,"123":0,"124":0,"125":0,"126":0,"127":0,"128":0,"129":0,"130":0,"131":0,"132":0,"133":0,"134":0,"135":0,"136":0,"137":0,"138":0,"139":0,"140":0,"141":0,"142":0,"143":0,"144":0,"145":0,"146":0,"147":0,"148":0,"149":0,"150":0,"151":0,"152":0,"153":0,"154":0,"155":0,"156":0,"157":0,"158":0,"159":0,"160":0,"161":0,"162":0,"163":0,"164":0,"165":0,"166":0,"167":0,"168":0,"169":0,"170":0,"171":0,"172":0,"173":0,"174":0,"175":0,"176":0,"177":0,"178":0,"179":0,"180":0,"181":0,"182":0,"183":0,"184":0,"185":0,"186":0,"187":0,"188":0,"189":0,"190":0,"191":0,"192":0,"193":0,"194":0,"195":0,"196":0,"197":0,"198":0,"199":0,"200":0,"201":0,"202":0,"203":0,"204":0,"205":0,"206":0,"207":0,"208":0,"209":0,"210":0,"211":0,"212":0,"213":0,"214":0,"215":0,"216":0,"217":0,"218":0,"219":0,"220":0,"221":0,"222":0,"223":0,"224":0,"225":0,"226":0,"227":0,"228":0,"229":0,"230":0,"231":0,"232":0,"233":0,"234":0,"235":0,"236":0,"237":0,"238":0,"239":0,"240":0,"241":0,"242":0,"243":0,"244":0,"245":0,"246":0,"247":0,"248":0,"249":0,"250":0,"251":0,"252":0,"253":0,"254":0,"255":0,"256":0,"257":0,"258":0,"259":0,"260":0,"261":0,"262":0,"263":0,"264":0,"265":0,"266":0,"267":0,"268":0,"269":0,"270":0,"271":0,"272":0,"273":0,"274":0,"275":0,"276":0,"277":0,"278":0,"279":0,"280":0,"281":0,"282":0,"283":0,"284":0,"285":0,"286":0,"287":0,"288":0,"289":0,"290":0,"291":0,"292":0,"293":0,"294":0,"295":0,"296":0,"297":0,"298":0,"299":0,"300":0,"301":0,"302":0,"303":0,"304":0,"305":0,"306":0,"307":0,"308":0,"309":0,"310":0,"311":0,"312":0,"313":0,"314":0,"315":0,"316":0,"317":0,"318":0,"319":0,"320":0,"321":0,"322":0,"323":0,"324":0,"325":0,"326":0,"327":0,"328":0,"329":0,"330":0,"331":0,"332":0,"333":0,"334":0,"335":0,"336":0,"337":0,"338":0,"339":0,"340":0,"341":0,"342":0,"343":0,"344":0,"345":0,"346":0,"347":0,"348":0,"349":0,"350":0,"351":0,"352":0,"353":0,"354":0,"355":0,"356":0,"357":0,"358":0,"359":0,"360":0,"361":0,"362":0,"363":0,"364":0,"365":0,"366":0,"367":0,"368":0,"369":0,"370":0,"371":0,"372":0,"373":0,"374":0,"375":0,"376":0,"377":0,"378":0,"379":0,"380":0,"381":0,"382":0,"383":0,"384":0,"385":0,"386":0,"387":0,"388":0,"389":0,"390":0,"391":0,"392":0,"393":0,"394":0,"395":0,"396":0,"397":0,"398":0,"399":0,"400":0,"401":0,"402":0,"403":0,"404":0,"405":0,"406":0,"407":0,"408":0,"409":0,"410":0,"411":0,"412":0,"413":0,"414":0,"415":0,"416":0,"417":0,"418":0,"419":0,"420":0,"421":0,"422":0,"423":0,"424":0,"425":0,"426":0,"427":0,"428":0,"429":0,"430":0,"431":0,"432":0,"433":0,"434":0,"435":0,"436":0,"437":0,"438":0,"439":0,"440":0,"441":0,"442":0,"443":0,"444":0,"445":0,"446":0,"447":0,"448":0,"449":0,"450":0,"451":0,"452":0,"453":0,"454":0,"455":0,"456":0,"457":0,"458":0,"459":0,"460":0,"461":0,"462":0,"463":0,"464":0,"465":0,"466":0,"467":0,"468":0,"469":0,"470":0,"471":0,"472":0,"473":0,"474":0,"475":0,"476":0,"477":0,"478":0,"479":0,"480":0,"481":0,"482":0,"483":0,"484":0,"485":0,"486":0,"487":0,"488":0,"489":0,"490":0,"491":0,"492":0,"493":0,"494":0,"495":0,"496":0,"497":0,"498":0,"499":0,"500":0,"501":0,"502":0,"503":0,"504":0,"505":0,"506":0,"507":0,"508":0,"509":0,"510":0,"511":0,"512":0,"513":0,"514":0,"515":0,"516":0,"517":0,"518":0,"519":0,"520":0,"521":0,"522":0,"523":0,"524":0,"525":0,"526":0,"527":0,"528":0,"529":0,"530":0,"531":0,"532":0,"533":0,"534":0,"535":0,"536":0,"537":0,"538":0,"539":0,"540":0,"541":0,"542":0,"543":0,"544":0,"545":0,"546":0,"547":0,"548":0,"549":0,"550":0,"551":0,"552":0,"553":0,"554":0,"555":0,"556":0,"557":0,"558":0,"559":0,"560":0,"561":0,"562":0,"563":0,"564":0,"565":0,"566":0,"567":0,"568":0,"569":0,"570":0,"571":0,"572":0,"573":0,"574":0,"575":0,"576":0,"577":0,"578":0,"579":0,"580":0,"581":0,"582":0,"583":0,"584":0,"585":0,"586":0,"587":0,"588":0,"589":0,"590":0,"591":0,"592":0,"593":0,"594":0,"595":0,"596":0,"597":0,"598":0,"599":0,"600":0,"601":0,"602":0,"603":0,"604":0,"605":0,"606":0,"607":0,"608":0,"609":0,"610":0,"611":0,"612":0,"613":0,"614":0,"615":0,"616":0,"617":0,"618":0,"619":0,"620":0,"621":0,"622":0,"623":0,"624":0,"625":0,"626":0,"627":0,"628":0,"629":0,"630":0,"631":0,"632":0,"633":0,"634":0,"635":0,"636":0,"637":0,"638":0,"639":0,"640":0,"641":0,"642":0,"643":0,"644":0,"645":0,"646":0,"647":0,"648":0,"649":0,"650":0,"651":0,"652":0,"653":0,"654":0,"655":0,"656":0,"657":0,"658":0,"659":0,"660":0,"661":0,"662":0},"f":{"0":0,"1":0,"2":0,"3":0,"4":0,"5":0,"6":0,"7":0,"8":0,"9":0,"10":0,"11":0,"12":0,"13":0,"14":0,"15":0,"16":0,"17":0,"18":0,"19":0,"20":0,"21":0,"22":0,"23":0,"24":0,"25":0,"26":0,"27":0,"28":0,"29":0,"30":0,"31":0,"32":0,"33":0,"34":0,"35":0,"36":0,"37":0,"38":0},"b":{"0":[0,0],"1":[0,0],"2":[0,0],"3":[0,0],"4":[0,0],"5":[0,0],"6":[0,0],"7":[0,0,0],"8":[0,0],"9":[0,0],"10":[0,0],"11":[0,0],"12":[0,0],"13":[0,0],"14":[0,0],"15":[0,0],"16":[0,0],"17":[0,0],"18":[0,0],"19":[0,0],"20":[0,0],"21":[0,0],"22":[0,0],"23":[0,0],"24":[0,0],"25":[0,0],"26":[0,0],"27":[0,0],"28":[0,0],"29":[0,0],"30":[0,0],"31":[0,0],"32":[0,0],"33":[0,0],"34":[0,0],"35":[0,0],"36":[0,0],"37":[0,0],"38":[0,0],"39":[0,0],"40":[0,0],"41":[0,0],"42":[0,0],"43":[0,0],"44":[0,0],"45":[0,0],"46":[0,0],"47":[0,0],"48":[0,0],"49":[0,0],"50":[0,0],"51":[0,0],"52":[0,0],"53":[0,0],"54":[0,0],"55":[0,0],"56":[0,0],"57":[0,0],"58":[0,0],"59":[0,0],"60":[0,0],"61":[0,0],"62":[0,0],"63":[0,0],"64":[0,0],"65":[0,0],"66":[0,0],"67":[0,0],"68":[0,0],"69":[0,0],"70":[0,0],"71":[0,0],"72":[0,0],"73":[0,0],"74":[0,0],"75":[0,0],"76":[0,0],"77":[0,0],"78":[0,0],"79":[0,0],"80":[0,0],"81":[0,0],"82":[0,0],"83":[0,0],"84":[0,0],"85":[0,0],"86":[0,0],"87":[0,0],"88":[0,0],"89":[0,0],"90":[0,0],"91":[0,0],"92":[0,0],"93":[0,0],"94":[0,0],"95":[0,0],"96":[0,0],"97":[0,0],"98":[0,0],"99":[0,0],"100":[0,0],"101":[0,0],"102":[0,0],"103":[0,0],"104":[0,0],"105":[0,0],"106":[0,0],"107":[0,0],"108":[0,0],"109":[0,0],"110":[0,0],"111":[0,0],"112":[0,0],"113":[0,0],"114":[0,0],"115":[0,0],"116":[0,0],"117":[0,0],"118":[0,0],"119":[0,0],"120":[0,0],"121":[0,0],"122":[0,0],"123":[0,0],"124":[0,0],"125":[0,0],"126":[0,0],"127":[0,0],"128":[0,0],"129":[0,0],"130":[0,0],"131":[0,0],"132":[0,0],"133":[0,0],"134":[0,0],"135":[0,0],"136":[0,0],"137":[0,0],"138":[0,0],"139":[0,0],"140":[0,0],"141":[0,0],"142":[0,0],"143":[0,0],"144":[0,0],"145":[0,0],"146":[0,0],"147":[0,0],"148":[0,0],"149":[0,0],"150":[0,0],"151":[0,0],"152":[0,0],"153":[0,0],"154":[0,0],"155":[0,0],"156":[0,0],"157":[0,0],"158":[0,0],"159":[0,0],"160":[0,0],"161":[0,0],"162":[0,0],"163":[0,0],"164":[0,0],"165":[0,0],"166":[0,0],"167":[0,0],"168":[0,0],"169":[0,0],"170":[0,0],"171":[0,0],"172":[0,0],"173":[0,0],"174":[0,0],"175":[0,0],"176":[0,0],"177":[0,0],"178":[0,0],"179":[0,0],"180":[0,0],"181":[0,0],"182":[0,0],"183":[0,0],"184":[0,0],"185":[0,0],"186":[0,0],"187":[0,0],"188":[0,0],"189":[0,0]}}}}
